#Build: Fabric Compiler 2021.1-SP7, Build 86875, Dec 07 11:14 2021
#Install: D:\pango\PDS_2021.1-SP7-ads\bin
#Application name: pds_shell.exe
#OS: Windows 10 10.0.19044
#Hostname: DESKTOP-N5UE933
Generated by Fabric Compiler (version 2021.1-SP7 build 86875) at Wed Nov  9 00:10:24 2022
Compiling verification operator library.
Compiling common defs.
Loading technology operator library.
Compiling technology operator library.
Compiling technology operator (valence) library.
Compiling operator packing rules.
Compiling prim grid devices.
Compiling gate devices.
Compiling gate operators.
Compiling tech operator impls.
Building architecture model.
Loading device packaging model.
I: Parameter configuration file D:/ZiGuang/Final/testparam.txt cannot open.
Reading design from translate DB.
License checkout: fabric_inserter
Creating module hierarchy.
Collecting net information.
Generating cores. Please be patient as this can take several minutes...
  >Generating core DebugCore0...
  >Running ADS for debugcore...
