#Build: Fabric Compiler 2021.1-SP7.1, Build 90533, Mar 18 18:43 2022
#Install: D:\programs\PDS2021\PDS_2021.1-SP7.1-ads\bin
#Application name: pds_shell.exe
#OS: Windows 10 10.0.19044
#Hostname: LAPTOP-R7000P
Generated by Fabric Compiler (version 2021.1-SP7.1 build 90533) at Wed Nov  9 19:15:08 2022
Compiling verification operator library.
Compiling common defs.
Compiling prim grid devices.
Compiling gate devices.
Compiling gate operators.
Building architecture model.
Loading device packaging model.
Reading design from DB.
Start Generate Netlist.
Generate Netlist is finished successfully.
Action gen_netlist: Real time elapsed is 42.000 sec
Action gen_netlist: CPU time elapsed is 29.844 sec
Current time: Wed Nov  9 19:15:48 2022
Action gen_netlist: Peak memory pool usage is 1,711,460,352 bytes
