H14|IOBD_0_1212|BANKL3|||
G17|IOBD_0_1200|BANKL3|||
F18|IOBD_0_1188|BANKL3|||
G15|IOBD_0_1176|BANKL3|||
G19|IOBD_0_1164|BANKL3|||
H16|IOBD_0_1152|BANKL3|||
C17|IOBD_0_1140|BANKL3|||
E16|IOBD_0_1128|BANKL3|||
A17|IOBD_0_1116|BANKL3|||
B19|IOBD_0_1104|BANKL3|||
E17|IOBD_0_1092|BANKL3|||
D18|IOBD_0_1080|BANKL3|||
D19|IOBD_0_1062|BANKL3|||
E20|IOBD_0_1050|BANKL3|||
B20|IOBD_0_1038|BANKL3|||
C21|IOBD_0_1026|BANKL3|||
B22|IOBD_0_1014|BANKL3|||
E21|IOBD_0_1002|BANKL3|||
C22|IOBD_0_990|BANKL3|||
B25|IOBD_0_978|BANKL3|||
A23|IOBD_0_966|BANKL3|||
C26|IOBD_0_954|BANKL3|||
C24|IOBD_0_942|BANKL3|||
D23|IOBD_0_930|BANKL3|||
H17|IOBS_0_1218|BANKL3|||
H15|IOBS_0_1206|BANKL3|||
F17|IOBS_0_1194|BANKL3|||
F19|IOBS_0_1182|BANKL3|||
F15|IOBS_0_1170|BANKL3|||
F20|IOBS_0_1158|BANKL3|||
G16|IOBS_0_1146|BANKL3|||
B17|IOBS_0_1134|BANKL3|||
D16|IOBS_0_1122|BANKL3|||
A18|IOBS_0_1110|BANKL3|||
A19|IOBS_0_1098|BANKL3|||
E18|IOBS_0_1086|BANKL3|||
C18|IOBS_0_1074|BANKL3|||
C19|IOBS_0_1056|BANKL3|||
D20|IOBS_0_1044|BANKL3|||
A20|IOBS_0_1032|BANKL3|||
B21|IOBS_0_1020|BANKL3|||
A22|IOBS_0_1008|BANKL3|||
D21|IOBS_0_996|BANKL3|||
C23|IOBS_0_984|BANKL3|||
A25|IOBS_0_972|BANKL3|||
A24|IOBS_0_960|BANKL3|||
B26|IOBS_0_948|BANKL3|||
B24|IOBS_0_936|BANKL3|||
D24|IOBS_0_924|BANKL3|||
E22|IOBS_0_918|BANKL3|rst_n|input|YES
K15|IOBD_0_906|BANKL4|vin_data[23]|input|YES
J14|IOBD_0_894|BANKL4|vin_data[17]|input|YES
K16|IOBD_0_882|BANKL4|vin_data[10]|input|YES
M14|IOBD_0_870|BANKL4|||
M15|IOBD_0_858|BANKL4|||
M16|IOBD_0_846|BANKL4|vin_data[7]|input|YES
J19|IOBD_0_834|BANKL4|vin_data[22]|input|YES
L17|IOBD_0_822|BANKL4|||
K20|IOBD_0_810|BANKL4|||
J18|IOBD_0_798|BANKL4|vin_data[19]|input|YES
G20|IOBD_0_786|BANKL4|||
K21|IOBD_0_774|BANKL4|||
H21|IOBD_0_756|BANKL4|vin_clk|input|YES
J23|IOBD_0_744|BANKL4|vin_data[3]|input|YES
G22|IOBD_0_732|BANKL4|vin_hs|input|YES
J24|IOBD_0_720|BANKL4|led[1]|output|YES
F23|IOBD_0_708|BANKL4|vin_data[5]|input|YES
K22|IOBD_0_696|BANKL4|||
G24|IOBD_0_684|BANKL4|vin_data[1]|input|YES
E25|IOBD_0_672|BANKL4|vin_data[13]|input|YES
E26|IOBD_0_660|BANKL4|vin_data[11]|input|YES
H26|IOBD_0_648|BANKL4|vin_vs|input|YES
G25|IOBD_0_636|BANKL4|vin_data[15]|input|YES
J25|IOBD_0_624|BANKL4|||
K18|IOBS_0_912|BANKL4|vin_data[16]|input|YES
J16|IOBS_0_900|BANKL4|hdmi_in_nreset|output|YES
J15|IOBS_0_888|BANKL4|vin_data[18]|input|YES
K17|IOBS_0_876|BANKL4|vin_data[9]|input|YES
L14|IOBS_0_864|BANKL4|||
L15|IOBS_0_852|BANKL4|||
M17|IOBS_0_840|BANKL4|vin_data[8]|input|YES
H19|IOBS_0_828|BANKL4|vin_data[21]|input|YES
L18|IOBS_0_816|BANKL4|||
J20|IOBS_0_804|BANKL4|||
H18|IOBS_0_792|BANKL4|vin_data[20]|input|YES
G21|IOBS_0_780|BANKL4|hdmi_scl|inout|YES
J21|IOBS_0_768|BANKL4|hdmi_sda|inout|YES
H22|IOBS_0_750|BANKL4|vin_data[4]|input|YES
H23|IOBS_0_738|BANKL4|vin_data[2]|input|YES
F22|IOBS_0_726|BANKL4|vin_de|input|YES
H24|IOBS_0_714|BANKL4|led[0]|output|YES
E23|IOBS_0_702|BANKL4|vin_data[6]|input|YES
K23|IOBS_0_690|BANKL4|||
F24|IOBS_0_678|BANKL4|vin_data[0]|input|YES
D25|IOBS_0_666|BANKL4|vin_data[14]|input|YES
D26|IOBS_0_654|BANKL4|vin_data[12]|input|YES
G26|IOBS_0_642|BANKL4|hdmi_nreset|output|YES
F25|IOBS_0_630|BANKL4|||
J26|IOBS_0_618|BANKL4|||
L19|IOBS_0_612|BANKL4|||
R14|IOBD_0_600|BANKL5|||
P14|IOBD_0_588|BANKL5|||
P15|IOBD_0_576|BANKL5|vout_de|output|YES
N16|IOBD_0_564|BANKL5|||
R16|IOBD_0_552|BANKL5|||
P18|IOBD_0_540|BANKL5|||
K25|IOBD_0_528|BANKL5|vout_data[15]|output|YES
M20|IOBD_0_516|BANKL5|vout_data[7]|output|YES
L24|IOBD_0_504|BANKL5|vout_data[13]|output|YES
M24|IOBD_0_492|BANKL5|vout_data[3]|output|YES
L22|IOBD_0_480|BANKL5|vout_data[8]|output|YES
M21|IOBD_0_468|BANKL5|vout_data[22]|output|YES
N21|IOBD_0_450|BANKL5|vout_data[1]|output|YES
P20|IOBD_0_438|BANKL5|||
N23|IOBD_0_426|BANKL5|vout_data[12]|output|YES
P19|IOBD_0_414|BANKL5|vout_data[5]|output|YES
P23|IOBD_0_402|BANKL5|||
R20|IOBD_0_390|BANKL5|||
R25|IOBD_0_378|BANKL5|||
N26|IOBD_0_366|BANKL5|vout_data[20]|output|YES
T24|IOBD_0_354|BANKL5|||
R26|IOBD_0_342|BANKL5|vout_data[18]|output|YES
T22|IOBD_0_330|BANKL5|||
T23|IOBD_0_318|BANKL5|||
M19|IOBS_0_606|BANKL5|||
R15|IOBS_0_594|BANKL5|||
N14|IOBS_0_582|BANKL5|||
P16|IOBS_0_570|BANKL5|vout_data[0]|output|YES
N17|IOBS_0_558|BANKL5|||
R17|IOBS_0_546|BANKL5|||
N18|IOBS_0_534|BANKL5|vout_data[10]|output|YES
K26|IOBS_0_522|BANKL5|vout_data[16]|output|YES
L20|IOBS_0_510|BANKL5|vout_data[6]|output|YES
L25|IOBS_0_498|BANKL5|vout_data[14]|output|YES
M25|IOBS_0_486|BANKL5|vout_data[4]|output|YES
L23|IOBS_0_474|BANKL5|vout_data[9]|output|YES
M22|IOBS_0_462|BANKL5|vout_data[21]|output|YES
N22|IOBS_0_444|BANKL5|vout_data[2]|output|YES
P21|IOBS_0_432|BANKL5|vout_data[23]|output|YES
N24|IOBS_0_420|BANKL5|vout_data[11]|output|YES
N19|IOBS_0_408|BANKL5|vout_clk|output|YES
P24|IOBS_0_396|BANKL5|||
R21|IOBS_0_384|BANKL5|||
P25|IOBS_0_372|BANKL5|||
M26|IOBS_0_360|BANKL5|vout_data[19]|output|YES
T25|IOBS_0_348|BANKL5|||
P26|IOBS_0_336|BANKL5|vout_data[17]|output|YES
R22|IOBS_0_324|BANKL5|||
R23|IOBS_0_312|BANKL5|||
R18|IOBS_0_306|BANKL5|||
U25|IOBD_0_294|BANKL6|||
V26|IOBD_0_282|BANKL6|ws|output|YES
AB26|IOBD_0_270|BANKL6|||
W25|IOBD_0_258|BANKL6|ws_B|output|YES
Y25|IOBD_0_246|BANKL6|||
V24|IOBD_0_234|BANKL6|||
AA24|IOBD_0_222|BANKL6|vout_vs|output|YES
AA22|IOBD_0_210|BANKL6|||
AB24|IOBD_0_198|BANKL6|||
V23|IOBD_0_186|BANKL6|||
Y22|IOBD_0_174|BANKL6|||
U22|IOBD_0_162|BANKL6|||
U21|IOBD_0_144|BANKL6|||
W21|IOBD_0_132|BANKL6|||
T20|IOBD_0_120|BANKL6|||
W20|IOBD_0_108|BANKL6|||
T19|IOBD_0_96|BANKL6|||
V19|IOBD_0_84|BANKL6|||
V18|IOBD_0_72|BANKL6|||
T14|IOBD_0_60|BANKL6|||
T17|IOBD_0_48|BANKL6|||
U15|IOBD_0_36|BANKL6|||
U14|IOBD_0_24|BANKL6|||
V16|IOBD_0_12|BANKL6|||
U24|IOBS_0_300|BANKL6|||
U26|IOBS_0_288|BANKL6|||
W26|IOBS_0_276|BANKL6|||
AC26|IOBS_0_264|BANKL6|||
Y26|IOBS_0_252|BANKL6|||
AA25|IOBS_0_240|BANKL6|||
W24|IOBS_0_228|BANKL6|||
AB25|IOBS_0_216|BANKL6|vout_hs|output|YES
AA23|IOBS_0_204|BANKL6|||
AC24|IOBS_0_192|BANKL6|||
W23|IOBS_0_180|BANKL6|||
Y23|IOBS_0_168|BANKL6|||
V22|IOBS_0_156|BANKL6|||
V21|IOBS_0_138|BANKL6|||
Y21|IOBS_0_126|BANKL6|||
U20|IOBS_0_114|BANKL6|||
Y20|IOBS_0_102|BANKL6|||
U19|IOBS_0_90|BANKL6|||
W19|IOBS_0_78|BANKL6|||
W18|IOBS_0_66|BANKL6|||
T15|IOBS_0_54|BANKL6|||
T18|IOBS_0_42|BANKL6|||
U16|IOBS_0_30|BANKL6|||
V14|IOBS_0_18|BANKL6|||
V17|IOBS_0_6|BANKL6|||
U17|IOBS_0_0|BANKL6|||
E6|IOBD_372_906|BANKR4|||
H8|IOBD_372_894|BANKR4|||
H7|IOBD_372_882|BANKR4|||
F8|IOBD_372_870|BANKR4|||
H6|IOBD_372_858|BANKR4|||
H9|IOBD_372_846|BANKR4|||
J6|IOBD_372_834|BANKR4|||
L8|IOBD_372_822|BANKR4|||
J4|IOBD_372_810|BANKR4|||
K7|IOBD_372_798|BANKR4|||
G4|IOBD_372_786|BANKR4|||
G5|IOBD_372_774|BANKR4|||
E5|IOBD_372_756|BANKR4|||
D4|IOBD_372_744|BANKR4|||
B5|IOBD_372_732|BANKR4|||
B4|IOBD_372_720|BANKR4|||
D3|IOBD_372_708|BANKR4|||
F3|IOBD_372_696|BANKR4|||
C2|IOBD_372_684|BANKR4|||
A3|IOBD_372_672|BANKR4|||
C1|IOBD_372_660|BANKR4|||
F2|IOBD_372_648|BANKR4|||
E1|IOBD_372_636|BANKR4|||
G2|IOBD_372_624|BANKR4|||
J8|IOBS_372_912|BANKR4|||
D6|IOBS_372_900|BANKR4|||
G8|IOBS_372_888|BANKR4|||
G7|IOBS_372_876|BANKR4|||
F7|IOBS_372_864|BANKR4|||
G6|IOBS_372_852|BANKR4|||
G9|IOBS_372_840|BANKR4|||
J5|IOBS_372_828|BANKR4|||
K8|IOBS_372_816|BANKR4|||
H4|IOBS_372_804|BANKR4|||
K6|IOBS_372_792|BANKR4|||
F4|IOBS_372_780|BANKR4|||
F5|IOBS_372_768|BANKR4|||
D5|IOBS_372_750|BANKR4|||
C4|IOBS_372_738|BANKR4|||
A5|IOBS_372_726|BANKR4|||
A4|IOBS_372_714|BANKR4|||
C3|IOBS_372_702|BANKR4|||
E3|IOBS_372_690|BANKR4|||
B2|IOBS_372_678|BANKR4|||
A2|IOBS_372_666|BANKR4|||
B1|IOBS_372_654|BANKR4|||
E2|IOBS_372_642|BANKR4|||
D1|IOBS_372_630|BANKR4|||
G1|IOBS_372_618|BANKR4|||
H3|IOBS_372_612|BANKR4|||
K3|IOBD_372_600|BANKR5|||
M7|IOBD_372_588|BANKR5|||
M4|IOBD_372_576|BANKR5|||
L5|IOBD_372_564|BANKR5|||
N7|IOBD_372_552|BANKR5|||
M6|IOBD_372_540|BANKR5|||
K1|IOBD_372_528|BANKR5|||
L3|IOBD_372_516|BANKR5|||
N1|IOBD_372_504|BANKR5|||
H2|IOBD_372_492|BANKR5|||
M2|IOBD_372_480|BANKR5|||
N3|IOBD_372_468|BANKR5|||
R3|IOBD_372_450|BANKR5|sys_clk_p|input|YES
P4|IOBD_372_438|BANKR5|||
R1|IOBD_372_426|BANKR5|||
T4|IOBD_372_414|BANKR5|||
T2|IOBD_372_402|BANKR5|||
U2|IOBD_372_390|BANKR5|||
P6|IOBD_372_378|BANKR5|||
T5|IOBD_372_366|BANKR5|||
U6|IOBD_372_354|BANKR5|||
R8|IOBD_372_342|BANKR5|||
R7|IOBD_372_330|BANKR5|||
T8|IOBD_372_318|BANKR5|||
N8|IOBS_372_606|BANKR5|||
J3|IOBS_372_594|BANKR5|||
L7|IOBS_372_582|BANKR5|||
L4|IOBS_372_570|BANKR5|||
K5|IOBS_372_558|BANKR5|||
N6|IOBS_372_546|BANKR5|||
M5|IOBS_372_534|BANKR5|||
J1|IOBS_372_522|BANKR5|||
K2|IOBS_372_510|BANKR5|||
M1|IOBS_372_498|BANKR5|||
H1|IOBS_372_486|BANKR5|||
L2|IOBS_372_474|BANKR5|||
N2|IOBS_372_462|BANKR5|||
P3|IOBS_372_444|BANKR5|sys_clk_n|input|YES
N4|IOBS_372_432|BANKR5|||
P1|IOBS_372_420|BANKR5|||
T3|IOBS_372_408|BANKR5|||
R2|IOBS_372_396|BANKR5|||
U1|IOBS_372_384|BANKR5|||
P5|IOBS_372_372|BANKR5|||
R5|IOBS_372_360|BANKR5|||
U5|IOBS_372_348|BANKR5|||
P8|IOBS_372_336|BANKR5|||
R6|IOBS_372_324|BANKR5|||
T7|IOBS_372_312|BANKR5|||
U4|IOBS_372_306|BANKR5|||
