#Build: Fabric Compiler 2021.1-SP7, Build 86875, Dec 07 11:14 2021
#Install: C:\pango\PDS_2021.1-SP7-ads\bin
#Application name: pds_shell.exe
#OS: Windows 10 10.0.16299
#Hostname: DESKTOP-AF63KB8
Generated by Fabric Compiler (version 2021.1-SP7 build 86875) at Thu Jul 28 16:27:31 2022
Compiling verification operator library.
Compiling common defs.
Compiling prim grid devices.
Compiling gate devices.
Compiling gate operators.
Building architecture model.
Loading device packaging model.
Reading design from DB.
Start Generating Programming File...
Reading design from DB takes 0.593750 sec.
Generating architecture configuration.
The bitstream file is "E:/axp100/demo/hdmi_loop/generate_bitstream/hdmi_loop.sbit"
Generate programming file takes 9.218750 sec.
Generating Programming File done.
Action gen_bit_stream: Real time elapsed is 20.000 sec
Action gen_bit_stream: CPU time elapsed is 18.594 sec
Current time: Thu Jul 28 16:27:50 2022
Action gen_bit_stream: Peak memory pool usage is 1,081,307,136 bytes
