#Build: Fabric Compiler 2021.1-SP7, Build 86875, Dec 07 11:14 2021
#Install: D:\pango\PDS_2021.1-SP7-ads\bin
#Application name: pds_shell.exe
#OS: Windows 10 10.0.19044
#Hostname: DESKTOP-N5UE933
Generated by Fabric Compiler (version 2021.1-SP7 build 86875) at Wed Nov  9 00:03:30 2022
Compiling verification operator library.
Compiling common defs.
Compiling prim grid devices.
Compiling gate devices.
Compiling gate operators.
Building architecture model.
Loading device packaging model.
Reading design from DB.
Start Generating Programming File...
Reading design from DB takes 3.796875 sec.
Generating architecture configuration.
The bitstream file is "D:/ZiGuang/Final/generate_bitstream/hdmi_loop.sbit"
Generate programming file takes 47.890625 sec.
Generating Programming File done.
Action gen_bit_stream: Real time elapsed is 60.000 sec
Action gen_bit_stream: CPU time elapsed is 58.969 sec
Current time: Wed Nov  9 00:04:29 2022
Action gen_bit_stream: Peak memory pool usage is 1,237,442,560 bytes
