#Build: Fabric Compiler 2021.1-SP7, Build 86875, Dec 07 11:14 2021
#Install: D:\pango\PDS_2021.1-SP7-ads\bin
#Application name: pds_shell.exe
#OS: Windows 10 10.0.19044
#Hostname: DESKTOP-N5UE933
Generated by Fabric Compiler (version 2021.1-SP7 build 86875) at Tue Nov  8 16:12:41 2022
Compiling verification operator library.
Compiling common defs.
Compiling prim grid devices.
Compiling gate devices.
Compiling gate operators.
Building architecture model.
Loading device packaging model.
Reading design from DB.
Start Generating Programming File...
Reading design from DB takes 3.500000 sec.
Generating architecture configuration.
The bitstream file is "D:/ZiGuang/Final/generate_bitstream/hdmi_loop.sbit"
Generate programming file takes 45.062500 sec.
Generating Programming File done.
Action gen_bit_stream: Real time elapsed is 57.000 sec
Action gen_bit_stream: CPU time elapsed is 55.750 sec
Current time: Tue Nov  8 16:13:37 2022
Action gen_bit_stream: Peak memory pool usage is 1,237,172,224 bytes
