IP Generator (Version 2021.1-SP7 build 86875)
Check out license ...
Start generating at 2022-11-08 15:11
Instance: Right_FIFO (D:\ZiGuang\Final\ipcore\Right_FIFO\Right_FIFO.idf)
IP: Distributed FIFO (1.2)
Part: Logos2-PG2L100H-FBG676--6
Create directory 'rtl' ...
Copy 'rtl\ipm_distributed_fifo_ctr_v1_0.v' to 'rtl' ...
Copy 'rtl\ipm_distributed_fifo_v1_2.v.xml' to 'rtl' ...
Copy 'rtl\ipm_distributed_sdpram_v1_2.v.xml' to 'rtl' ...
Compile file 'rtl\ipm_distributed_fifo_v1_2.v.xml' to 'rtl\ipm_distributed_fifo_v1_2_Right_FIFO.v' ...
Compile file 'rtl\ipm_distributed_sdpram_v1_2.v.xml' to 'rtl\ipm_distributed_sdpram_v1_2_Right_FIFO.v' ...
Copy 'ipm_distributed_fifo_wrapper_v1_2.v.xml' ...
Copy 'ipm_distributed_fifo_wrapper_v1_2_tb.v.xml' ...
Compile file 'ipm_distributed_fifo_wrapper_v1_2.v.xml' to 'Right_FIFO.v' ...
Found top module 'Right_FIFO' in file 'Right_FIFO.v'.
Compile file 'ipm_distributed_fifo_wrapper_v1_2_tb.v.xml' to 'Right_FIFO_tb.v' ...
Create template file 'Right_FIFO_tmpl.v' ...
Create template file 'Right_FIFO_tmpl.vhdl' ...
There are 4 source files to synthesize.
Synthesis is disabled.
Done: 0 error(s), 0 warning(s)
