#Build: Fabric Compiler 2021.1-SP7, Build 86875, Dec 07 11:14 2021
#Install: D:\pango\PDS_2021.1-SP7-ads\bin
#Application name: pds_shell.exe
#OS: Windows 10 10.0.19044
#Hostname: DESKTOP-N5UE933
Generated by Fabric Compiler (version 2021.1-SP7 build 86875) at Wed Nov  9 00:22:18 2022
Executing command action 'cmd_report_power'
Compiling verification operator library.
Compiling common defs.
Compiling prim grid devices.
Compiling gate devices.
Compiling gate operators.
Building architecture model.
Loading device packaging model.
Reading design from pnr DB.
Start: Report Power
Report Power...
Report Power successfully.
Action report_power: Real time elapsed is 43.000 sec
Action report_power: CPU time elapsed is 41.313 sec
Current time: Wed Nov  9 00:23:00 2022
Action report_power: Peak memory pool usage is 942,002,176 bytes
