[DEBUG][2020-06-17 11:16:47] [6564] - [e:\wf\2\output_files\pds_pro\fab_develop\branches\pds_2020.1-t\source\sw\cdt\debugger\main.cpp:105] : /*************************** 2020-06-17 11:16:47  Start ***************************/
[DEBUG][2020-06-17 11:16:47] [6564] - [e:\wf\2\output_files\pds_pro\fab_develop\branches\pds_2020.1-t\source\sw\cdt\debugger\main.cpp:106] : Path: C:/pango/PDS_2020.1-SP5/bin
[DEBUG][2020-06-17 11:16:47] [6564] - [e:\wf\2\output_files\pds_pro\fab_develop\branches\pds_2020.1-t\source\sw\cdt\debugger\main.cpp:107] : #Generated by Fabric Debugger (version 2020.1-SP5 build 56918) at Wed Jun 17 11:16:47 2020


[DEBUG][2020-06-17 11:16:47] [6564] - [e:\wf\2\output_files\pds_pro\fab_develop\branches\pds_2020.1-t\source\sw\cdt\debugger\main.cpp:134] : Main window show.
[DEBUG][2020-06-17 11:16:51] [6564] - [e:\wf\2\output_files\pds_pro\fab_develop\branches\pds_2020.1-t\source\sw\cdt\debugger\dbgmainwindow.cpp:1283] : Operation: Scan.
[DEBUG][2020-06-17 11:16:51] [6564] - [e:\wf\2\output_files\pds_pro\fab_develop\branches\pds_2020.1-t\source\sw\cdt\common\cdtcommunicate.cpp:463] : Client Local host name:PC-201805041311
[DEBUG][2020-06-17 11:16:51] [6564] - [e:\wf\2\output_files\pds_pro\fab_develop\branches\pds_2020.1-t\source\sw\cdt\common\cdtcommunicate.cpp:471] : Client Local Address:192.168.1.139
[DEBUG][2020-06-17 11:16:51] [6564] - [e:\wf\2\output_files\pds_pro\fab_develop\branches\pds_2020.1-t\source\sw\cdt\common\cdtcommunicate.cpp:498] : Server Address:127.0.0.1, Port:65420
[INFO][2020-06-17 11:16:51] [6564] - [e:\wf\2\output_files\pds_pro\fab_develop\branches\pds_2020.1-t\source\sw\cdt\debugger\dbgclient.cpp:349] : Connect OK, Server: 127.0.0.1  Port: 65420
[DEBUG][2020-06-17 11:16:51] [6564] - [e:\wf\2\output_files\pds_pro\fab_develop\branches\pds_2020.1-t\source\sw\cdt\debugger\dbgclient.cpp:280] : Finish.
[DEBUG][2020-06-17 11:16:51] [6564] - [e:\wf\2\output_files\pds_pro\fab_develop\branches\pds_2020.1-t\source\sw\cdt\debugger\dbgclient.cpp:75] : Send RPC: 1.
[DEBUG][2020-06-17 11:16:51] [6564] - [e:\wf\2\output_files\pds_pro\fab_develop\branches\pds_2020.1-t\source\sw\cdt\common\cdtcommunicate.cpp:772] : Send cmd [check version information:40004] OK
[DEBUG][2020-06-17 11:16:52] [6564] - [e:\wf\2\output_files\pds_pro\fab_develop\branches\pds_2020.1-t\source\sw\cdt\common\cdtcommunicate.cpp:893] : Recv RPC[1] cmd [check version information:40004]
[DEBUG][2020-06-17 11:16:52] [6564] - [e:\wf\2\output_files\pds_pro\fab_develop\branches\pds_2020.1-t\source\sw\cdt\common\cdtcommunicate.cpp:901] : Revc exec: check version information start
[DEBUG][2020-06-17 11:16:52] [6564] - [e:\wf\2\output_files\pds_pro\fab_develop\branches\pds_2020.1-t\source\sw\cdt\debugger\dbgclient.cpp:75] : Send RPC: 2.
[DEBUG][2020-06-17 11:16:52] [6564] - [e:\wf\2\output_files\pds_pro\fab_develop\branches\pds_2020.1-t\source\sw\cdt\common\cdtcommunicate.cpp:772] : Send cmd [get_cable_paras:40010] OK
[DEBUG][2020-06-17 11:16:52] [6564] - [e:\wf\2\output_files\pds_pro\fab_develop\branches\pds_2020.1-t\source\sw\cdt\debugger\dbgclient.cpp:75] : Send RPC: 3.
[DEBUG][2020-06-17 11:16:52] [6564] - [e:\wf\2\output_files\pds_pro\fab_develop\branches\pds_2020.1-t\source\sw\cdt\common\cdtcommunicate.cpp:772] : Send cmd [open_cable:10001] OK
[DEBUG][2020-06-17 11:16:52] [6564] - [e:\wf\2\output_files\pds_pro\fab_develop\branches\pds_2020.1-t\source\sw\cdt\common\cdtcommunicate.cpp:903] : Revc exec: check version information end
[DEBUG][2020-06-17 11:16:52] [6564] - [e:\wf\2\output_files\pds_pro\fab_develop\branches\pds_2020.1-t\source\sw\cdt\debugger\dbgclient.cpp:380] : COMMAND[check version information] execute successfully, takes 1.4 secs.
[DEBUG][2020-06-17 11:16:55] [6564] - [e:\wf\2\output_files\pds_pro\fab_develop\branches\pds_2020.1-t\source\sw\cdt\common\cdtcommunicate.cpp:893] : Recv RPC[2] cmd [get_cable_paras:40010]
[DEBUG][2020-06-17 11:16:55] [6564] - [e:\wf\2\output_files\pds_pro\fab_develop\branches\pds_2020.1-t\source\sw\cdt\common\cdtcommunicate.cpp:901] : Revc exec: get_cable_paras start
[DEBUG][2020-06-17 11:16:55] [6564] - [e:\wf\2\output_files\pds_pro\fab_develop\branches\pds_2020.1-t\source\sw\cdt\common\cdtcommunicate.cpp:903] : Revc exec: get_cable_paras end
[DEBUG][2020-06-17 11:16:55] [6564] - [e:\wf\2\output_files\pds_pro\fab_develop\branches\pds_2020.1-t\source\sw\cdt\debugger\dbgclient.cpp:380] : COMMAND[get_cable_paras] execute successfully, takes 2.2 secs.
[DEBUG][2020-06-17 11:16:56] [6564] - [e:\wf\2\output_files\pds_pro\fab_develop\branches\pds_2020.1-t\source\sw\cdt\common\cdtcommunicate.cpp:893] : Recv RPC[3] cmd [open_cable:10001]
[DEBUG][2020-06-17 11:16:56] [6564] - [e:\wf\2\output_files\pds_pro\fab_develop\branches\pds_2020.1-t\source\sw\cdt\common\cdtcommunicate.cpp:901] : Revc exec: open_cable start
[DEBUG][2020-06-17 11:16:57] [6564] - [e:\wf\2\output_files\pds_pro\fab_develop\branches\pds_2020.1-t\source\sw\cdt\common\cdtcommunicate.cpp:903] : Revc exec: open_cable end
[DEBUG][2020-06-17 11:16:57] [6564] - [e:\wf\2\output_files\pds_pro\fab_develop\branches\pds_2020.1-t\source\sw\cdt\debugger\dbgclient.cpp:380] : COMMAND[open_cable] execute successfully, takes 4.6 secs.
[DEBUG][2020-06-17 11:17:00] [6564] - [e:\wf\2\output_files\pds_pro\fab_develop\branches\pds_2020.1-t\source\sw\cdt\debugger\dbgtree.cpp:1244] : Configure.
[DEBUG][2020-06-17 11:17:08] [6564] - [e:\wf\2\output_files\pds_pro\fab_develop\branches\pds_2020.1-t\source\sw\cdt\debugger\dbgmainwindow.cpp:1962] : Operation: Try to close window.
[DEBUG][2020-06-17 11:17:08] [6564] - [e:\wf\2\output_files\pds_pro\fab_develop\branches\pds_2020.1-t\source\sw\cdt\debugger\main.cpp:154] : /*************************** 2020-06-17 11:17:08  End ***************************/
[DEBUG][2022-07-28 16:36:26] [14536] - [d:\wf\1\output_files\ads\fab_develop\branches\pds_2021.1\source\sw\cdt\debugger\main.cpp:112] : /*************************** 2022-07-28 16:36:26  Start ***************************/
[DEBUG][2022-07-28 16:36:26] [14536] - [d:\wf\1\output_files\ads\fab_develop\branches\pds_2021.1\source\sw\cdt\debugger\main.cpp:113] : Path: C:/pango/PDS_2021.1-SP7-ads/bin
[DEBUG][2022-07-28 16:36:26] [14536] - [d:\wf\1\output_files\ads\fab_develop\branches\pds_2021.1\source\sw\cdt\debugger\main.cpp:114] : #Generated by Fabric Debugger (version 2021.1-SP7 build 86875) at Thu Jul 28 16:36:26 2022


[DEBUG][2022-07-28 16:36:26] [14536] - [d:\wf\1\output_files\ads\fab_develop\branches\pds_2021.1\source\sw\cdt\debugger\main.cpp:132] : Main window show.
[DEBUG][2022-07-28 16:36:28] [14536] - [d:\wf\1\output_files\ads\fab_develop\branches\pds_2021.1\source\sw\cdt\debugger\dbgmainwindow.cpp:4185] : Operation: Try to close window.
[DEBUG][2022-07-28 16:36:28] [14536] - [d:\wf\1\output_files\ads\fab_develop\branches\pds_2021.1\source\sw\cdt\debugger\main.cpp:157] : /*************************** 2022-07-28 16:36:28  End ***************************/
[DEBUG][2022-07-28 16:40:19] [19252] - [d:\wf\1\output_files\ads\fab_develop\branches\pds_2021.1\source\sw\cdt\debugger\main.cpp:112] : /*************************** 2022-07-28 16:40:19  Start ***************************/
[DEBUG][2022-07-28 16:40:19] [19252] - [d:\wf\1\output_files\ads\fab_develop\branches\pds_2021.1\source\sw\cdt\debugger\main.cpp:113] : Path: C:/pango/PDS_2021.1-SP7-ads/bin
[DEBUG][2022-07-28 16:40:19] [19252] - [d:\wf\1\output_files\ads\fab_develop\branches\pds_2021.1\source\sw\cdt\debugger\main.cpp:114] : #Generated by Fabric Debugger (version 2021.1-SP7 build 86875) at Thu Jul 28 16:40:19 2022


[DEBUG][2022-07-28 16:40:19] [19252] - [d:\wf\1\output_files\ads\fab_develop\branches\pds_2021.1\source\sw\cdt\debugger\main.cpp:132] : Main window show.
[DEBUG][2022-07-28 16:40:20] [19252] - [d:\wf\1\output_files\ads\fab_develop\branches\pds_2021.1\source\sw\cdt\debugger\dbgmainwindow.cpp:3335] : Operation: Scan.
[DEBUG][2022-07-28 16:40:20] [19252] - [d:\wf\1\output_files\ads\fab_develop\branches\pds_2021.1\source\sw\cdt\common\cdtcommunicate.cpp:463] : Client Local host name:DESKTOP-AF63KB8
[DEBUG][2022-07-28 16:40:20] [19252] - [d:\wf\1\output_files\ads\fab_develop\branches\pds_2021.1\source\sw\cdt\common\cdtcommunicate.cpp:471] : Client Local Address:169.254.77.242
[DEBUG][2022-07-28 16:40:20] [19252] - [d:\wf\1\output_files\ads\fab_develop\branches\pds_2021.1\source\sw\cdt\common\cdtcommunicate.cpp:471] : Client Local Address:192.168.1.141
[DEBUG][2022-07-28 16:40:20] [19252] - [d:\wf\1\output_files\ads\fab_develop\branches\pds_2021.1\source\sw\cdt\common\cdtcommunicate.cpp:471] : Client Local Address:192.168.153.1
[DEBUG][2022-07-28 16:40:20] [19252] - [d:\wf\1\output_files\ads\fab_develop\branches\pds_2021.1\source\sw\cdt\common\cdtcommunicate.cpp:471] : Client Local Address:192.168.231.1
[DEBUG][2022-07-28 16:40:20] [19252] - [d:\wf\1\output_files\ads\fab_develop\branches\pds_2021.1\source\sw\cdt\common\cdtcommunicate.cpp:498] : Server Address:127.0.0.1, Port:65420
[INFO][2022-07-28 16:40:21] [19252] - [d:\wf\1\output_files\ads\fab_develop\branches\pds_2021.1\source\sw\cdt\debugger\dbgclient.cpp:402] : Connect OK, Server: 127.0.0.1  Port: 65420
[DEBUG][2022-07-28 16:40:21] [19252] - [d:\wf\1\output_files\ads\fab_develop\branches\pds_2021.1\source\sw\cdt\debugger\dbgclient.cpp:330] : Finish.
[DEBUG][2022-07-28 16:40:21] [19252] - [d:\wf\1\output_files\ads\fab_develop\branches\pds_2021.1\source\sw\cdt\debugger\dbgclient.cpp:75] : Send RPC: 1.
[DEBUG][2022-07-28 16:40:21] [19252] - [d:\wf\1\output_files\ads\fab_develop\branches\pds_2021.1\source\sw\cdt\common\cdtcommunicate.cpp:772] : Send cmd [check version information:40004] OK
[DEBUG][2022-07-28 16:40:21] [19252] - [d:\wf\1\output_files\ads\fab_develop\branches\pds_2021.1\source\sw\cdt\common\cdtcommunicate.cpp:893] : Recv RPC[1] cmd [check version information:40004]
[DEBUG][2022-07-28 16:40:21] [19252] - [d:\wf\1\output_files\ads\fab_develop\branches\pds_2021.1\source\sw\cdt\common\cdtcommunicate.cpp:901] : Revc exec: check version information start
[DEBUG][2022-07-28 16:40:21] [19252] - [d:\wf\1\output_files\ads\fab_develop\branches\pds_2021.1\source\sw\cdt\debugger\dbgclient.cpp:75] : Send RPC: 2.
[DEBUG][2022-07-28 16:40:21] [19252] - [d:\wf\1\output_files\ads\fab_develop\branches\pds_2021.1\source\sw\cdt\common\cdtcommunicate.cpp:772] : Send cmd [get_cable_paras:40010] OK
[DEBUG][2022-07-28 16:40:21] [19252] - [d:\wf\1\output_files\ads\fab_develop\branches\pds_2021.1\source\sw\cdt\debugger\dbgclient.cpp:75] : Send RPC: 3.
[DEBUG][2022-07-28 16:40:21] [19252] - [d:\wf\1\output_files\ads\fab_develop\branches\pds_2021.1\source\sw\cdt\common\cdtcommunicate.cpp:772] : Send cmd [open_cable:10001] OK
[DEBUG][2022-07-28 16:40:21] [19252] - [d:\wf\1\output_files\ads\fab_develop\branches\pds_2021.1\source\sw\cdt\common\cdtcommunicate.cpp:903] : Revc exec: check version information end
[DEBUG][2022-07-28 16:40:21] [19252] - [d:\wf\1\output_files\ads\fab_develop\branches\pds_2021.1\source\sw\cdt\debugger\dbgclient.cpp:433] : COMMAND[check version information] execute successfully, takes 0.0 secs.
[DEBUG][2022-07-28 16:40:22] [19252] - [d:\wf\1\output_files\ads\fab_develop\branches\pds_2021.1\source\sw\cdt\common\cdtcommunicate.cpp:893] : Recv RPC[2] cmd [get_cable_paras:40010]
[DEBUG][2022-07-28 16:40:22] [19252] - [d:\wf\1\output_files\ads\fab_develop\branches\pds_2021.1\source\sw\cdt\common\cdtcommunicate.cpp:901] : Revc exec: get_cable_paras start
[DEBUG][2022-07-28 16:40:22] [19252] - [d:\wf\1\output_files\ads\fab_develop\branches\pds_2021.1\source\sw\cdt\common\cdtcommunicate.cpp:903] : Revc exec: get_cable_paras end
[DEBUG][2022-07-28 16:40:22] [19252] - [d:\wf\1\output_files\ads\fab_develop\branches\pds_2021.1\source\sw\cdt\debugger\dbgclient.cpp:433] : COMMAND[get_cable_paras] execute successfully, takes 0.7 secs.
[DEBUG][2022-07-28 16:40:23] [19252] - [d:\wf\1\output_files\ads\fab_develop\branches\pds_2021.1\source\sw\cdt\common\cdtcommunicate.cpp:893] : Recv RPC[3] cmd [open_cable:10001]
[DEBUG][2022-07-28 16:40:23] [19252] - [d:\wf\1\output_files\ads\fab_develop\branches\pds_2021.1\source\sw\cdt\common\cdtcommunicate.cpp:901] : Revc exec: open_cable start
[DEBUG][2022-07-28 16:40:24] [19252] - [d:\wf\1\output_files\ads\fab_develop\branches\pds_2021.1\source\sw\cdt\common\cdtcommunicate.cpp:903] : Revc exec: open_cable end
[DEBUG][2022-07-28 16:40:24] [19252] - [d:\wf\1\output_files\ads\fab_develop\branches\pds_2021.1\source\sw\cdt\debugger\dbgclient.cpp:433] : COMMAND[open_cable] execute successfully, takes 3.0 secs.
[DEBUG][2022-07-28 16:40:28] [19252] - [d:\wf\1\output_files\ads\fab_develop\branches\pds_2021.1\source\sw\cdt\debugger\dbgmainwindow.cpp:964] : Operation: Program.
[DEBUG][2022-07-28 16:40:28] [19252] - [d:\wf\1\output_files\ads\fab_develop\branches\pds_2021.1\source\sw\cdt\debugger\dbgclient.cpp:75] : Send RPC: 4.
[DEBUG][2022-07-28 16:40:28] [19252] - [d:\wf\1\output_files\ads\fab_develop\branches\pds_2021.1\source\sw\cdt\common\cdtcommunicate.cpp:772] : Send cmd [configure:10002] OK
[DEBUG][2022-07-28 16:40:28] [19252] - [d:\wf\1\output_files\ads\fab_develop\branches\pds_2021.1\source\sw\cdt\common\cdtcommunicate.cpp:893] : Recv RPC[0] cmd [set progress bar:40001]
[DEBUG][2022-07-28 16:40:28] [19252] - [d:\wf\1\output_files\ads\fab_develop\branches\pds_2021.1\source\sw\cdt\debugger\dbgcommand.cpp:549] : The value is 6.
[DEBUG][2022-07-28 16:40:28] [19252] - [d:\wf\1\output_files\ads\fab_develop\branches\pds_2021.1\source\sw\cdt\common\cdtcommunicate.cpp:901] : Revc exec: set progress bar start
[DEBUG][2022-07-28 16:40:28] [19252] - [d:\wf\1\output_files\ads\fab_develop\branches\pds_2021.1\source\sw\cdt\common\cdtcommunicate.cpp:903] : Revc exec: set progress bar end
[DEBUG][2022-07-28 16:40:28] [19252] - [d:\wf\1\output_files\ads\fab_develop\branches\pds_2021.1\source\sw\cdt\common\cdtcommunicate.cpp:893] : Recv RPC[0] cmd [set progress bar:40001]
[DEBUG][2022-07-28 16:40:28] [19252] - [d:\wf\1\output_files\ads\fab_develop\branches\pds_2021.1\source\sw\cdt\debugger\dbgcommand.cpp:549] : The value is 10.
[DEBUG][2022-07-28 16:40:28] [19252] - [d:\wf\1\output_files\ads\fab_develop\branches\pds_2021.1\source\sw\cdt\common\cdtcommunicate.cpp:901] : Revc exec: set progress bar start
[DEBUG][2022-07-28 16:40:28] [19252] - [d:\wf\1\output_files\ads\fab_develop\branches\pds_2021.1\source\sw\cdt\common\cdtcommunicate.cpp:903] : Revc exec: set progress bar end
[DEBUG][2022-07-28 16:40:28] [19252] - [d:\wf\1\output_files\ads\fab_develop\branches\pds_2021.1\source\sw\cdt\common\cdtcommunicate.cpp:893] : Recv RPC[0] cmd [set progress bar:40001]
[DEBUG][2022-07-28 16:40:28] [19252] - [d:\wf\1\output_files\ads\fab_develop\branches\pds_2021.1\source\sw\cdt\debugger\dbgcommand.cpp:549] : The value is 15.
[DEBUG][2022-07-28 16:40:28] [19252] - [d:\wf\1\output_files\ads\fab_develop\branches\pds_2021.1\source\sw\cdt\common\cdtcommunicate.cpp:901] : Revc exec: set progress bar start
[DEBUG][2022-07-28 16:40:28] [19252] - [d:\wf\1\output_files\ads\fab_develop\branches\pds_2021.1\source\sw\cdt\common\cdtcommunicate.cpp:903] : Revc exec: set progress bar end
[DEBUG][2022-07-28 16:40:29] [19252] - [d:\wf\1\output_files\ads\fab_develop\branches\pds_2021.1\source\sw\cdt\common\cdtcommunicate.cpp:893] : Recv RPC[0] cmd [set progress bar:40001]
[DEBUG][2022-07-28 16:40:29] [19252] - [d:\wf\1\output_files\ads\fab_develop\branches\pds_2021.1\source\sw\cdt\debugger\dbgcommand.cpp:549] : The value is 20.
[DEBUG][2022-07-28 16:40:29] [19252] - [d:\wf\1\output_files\ads\fab_develop\branches\pds_2021.1\source\sw\cdt\common\cdtcommunicate.cpp:901] : Revc exec: set progress bar start
[DEBUG][2022-07-28 16:40:29] [19252] - [d:\wf\1\output_files\ads\fab_develop\branches\pds_2021.1\source\sw\cdt\common\cdtcommunicate.cpp:903] : Revc exec: set progress bar end
[DEBUG][2022-07-28 16:40:29] [19252] - [d:\wf\1\output_files\ads\fab_develop\branches\pds_2021.1\source\sw\cdt\common\cdtcommunicate.cpp:893] : Recv RPC[0] cmd [set progress bar:40001]
[DEBUG][2022-07-28 16:40:29] [19252] - [d:\wf\1\output_files\ads\fab_develop\branches\pds_2021.1\source\sw\cdt\debugger\dbgcommand.cpp:549] : The value is 25.
[DEBUG][2022-07-28 16:40:29] [19252] - [d:\wf\1\output_files\ads\fab_develop\branches\pds_2021.1\source\sw\cdt\common\cdtcommunicate.cpp:901] : Revc exec: set progress bar start
[DEBUG][2022-07-28 16:40:29] [19252] - [d:\wf\1\output_files\ads\fab_develop\branches\pds_2021.1\source\sw\cdt\common\cdtcommunicate.cpp:903] : Revc exec: set progress bar end
[DEBUG][2022-07-28 16:40:29] [19252] - [d:\wf\1\output_files\ads\fab_develop\branches\pds_2021.1\source\sw\cdt\common\cdtcommunicate.cpp:893] : Recv RPC[0] cmd [set progress bar:40001]
[DEBUG][2022-07-28 16:40:29] [19252] - [d:\wf\1\output_files\ads\fab_develop\branches\pds_2021.1\source\sw\cdt\debugger\dbgcommand.cpp:549] : The value is 30.
[DEBUG][2022-07-28 16:40:29] [19252] - [d:\wf\1\output_files\ads\fab_develop\branches\pds_2021.1\source\sw\cdt\common\cdtcommunicate.cpp:901] : Revc exec: set progress bar start
[DEBUG][2022-07-28 16:40:29] [19252] - [d:\wf\1\output_files\ads\fab_develop\branches\pds_2021.1\source\sw\cdt\common\cdtcommunicate.cpp:903] : Revc exec: set progress bar end
[DEBUG][2022-07-28 16:40:29] [19252] - [d:\wf\1\output_files\ads\fab_develop\branches\pds_2021.1\source\sw\cdt\common\cdtcommunicate.cpp:893] : Recv RPC[0] cmd [set progress bar:40001]
[DEBUG][2022-07-28 16:40:29] [19252] - [d:\wf\1\output_files\ads\fab_develop\branches\pds_2021.1\source\sw\cdt\debugger\dbgcommand.cpp:549] : The value is 35.
[DEBUG][2022-07-28 16:40:29] [19252] - [d:\wf\1\output_files\ads\fab_develop\branches\pds_2021.1\source\sw\cdt\common\cdtcommunicate.cpp:901] : Revc exec: set progress bar start
[DEBUG][2022-07-28 16:40:29] [19252] - [d:\wf\1\output_files\ads\fab_develop\branches\pds_2021.1\source\sw\cdt\common\cdtcommunicate.cpp:903] : Revc exec: set progress bar end
[DEBUG][2022-07-28 16:40:29] [19252] - [d:\wf\1\output_files\ads\fab_develop\branches\pds_2021.1\source\sw\cdt\common\cdtcommunicate.cpp:893] : Recv RPC[0] cmd [set progress bar:40001]
[DEBUG][2022-07-28 16:40:29] [19252] - [d:\wf\1\output_files\ads\fab_develop\branches\pds_2021.1\source\sw\cdt\debugger\dbgcommand.cpp:549] : The value is 40.
[DEBUG][2022-07-28 16:40:29] [19252] - [d:\wf\1\output_files\ads\fab_develop\branches\pds_2021.1\source\sw\cdt\common\cdtcommunicate.cpp:901] : Revc exec: set progress bar start
[DEBUG][2022-07-28 16:40:29] [19252] - [d:\wf\1\output_files\ads\fab_develop\branches\pds_2021.1\source\sw\cdt\common\cdtcommunicate.cpp:903] : Revc exec: set progress bar end
[DEBUG][2022-07-28 16:40:29] [19252] - [d:\wf\1\output_files\ads\fab_develop\branches\pds_2021.1\source\sw\cdt\common\cdtcommunicate.cpp:893] : Recv RPC[0] cmd [set progress bar:40001]
[DEBUG][2022-07-28 16:40:29] [19252] - [d:\wf\1\output_files\ads\fab_develop\branches\pds_2021.1\source\sw\cdt\debugger\dbgcommand.cpp:549] : The value is 45.
[DEBUG][2022-07-28 16:40:29] [19252] - [d:\wf\1\output_files\ads\fab_develop\branches\pds_2021.1\source\sw\cdt\common\cdtcommunicate.cpp:901] : Revc exec: set progress bar start
[DEBUG][2022-07-28 16:40:29] [19252] - [d:\wf\1\output_files\ads\fab_develop\branches\pds_2021.1\source\sw\cdt\common\cdtcommunicate.cpp:903] : Revc exec: set progress bar end
[DEBUG][2022-07-28 16:40:29] [19252] - [d:\wf\1\output_files\ads\fab_develop\branches\pds_2021.1\source\sw\cdt\common\cdtcommunicate.cpp:893] : Recv RPC[0] cmd [set progress bar:40001]
[DEBUG][2022-07-28 16:40:29] [19252] - [d:\wf\1\output_files\ads\fab_develop\branches\pds_2021.1\source\sw\cdt\debugger\dbgcommand.cpp:549] : The value is 50.
[DEBUG][2022-07-28 16:40:29] [19252] - [d:\wf\1\output_files\ads\fab_develop\branches\pds_2021.1\source\sw\cdt\common\cdtcommunicate.cpp:901] : Revc exec: set progress bar start
[DEBUG][2022-07-28 16:40:29] [19252] - [d:\wf\1\output_files\ads\fab_develop\branches\pds_2021.1\source\sw\cdt\common\cdtcommunicate.cpp:903] : Revc exec: set progress bar end
[DEBUG][2022-07-28 16:40:30] [19252] - [d:\wf\1\output_files\ads\fab_develop\branches\pds_2021.1\source\sw\cdt\common\cdtcommunicate.cpp:893] : Recv RPC[0] cmd [set progress bar:40001]
[DEBUG][2022-07-28 16:40:30] [19252] - [d:\wf\1\output_files\ads\fab_develop\branches\pds_2021.1\source\sw\cdt\debugger\dbgcommand.cpp:549] : The value is 55.
[DEBUG][2022-07-28 16:40:30] [19252] - [d:\wf\1\output_files\ads\fab_develop\branches\pds_2021.1\source\sw\cdt\common\cdtcommunicate.cpp:901] : Revc exec: set progress bar start
[DEBUG][2022-07-28 16:40:30] [19252] - [d:\wf\1\output_files\ads\fab_develop\branches\pds_2021.1\source\sw\cdt\common\cdtcommunicate.cpp:903] : Revc exec: set progress bar end
[DEBUG][2022-07-28 16:40:30] [19252] - [d:\wf\1\output_files\ads\fab_develop\branches\pds_2021.1\source\sw\cdt\common\cdtcommunicate.cpp:893] : Recv RPC[0] cmd [set progress bar:40001]
[DEBUG][2022-07-28 16:40:30] [19252] - [d:\wf\1\output_files\ads\fab_develop\branches\pds_2021.1\source\sw\cdt\debugger\dbgcommand.cpp:549] : The value is 60.
[DEBUG][2022-07-28 16:40:30] [19252] - [d:\wf\1\output_files\ads\fab_develop\branches\pds_2021.1\source\sw\cdt\common\cdtcommunicate.cpp:901] : Revc exec: set progress bar start
[DEBUG][2022-07-28 16:40:30] [19252] - [d:\wf\1\output_files\ads\fab_develop\branches\pds_2021.1\source\sw\cdt\common\cdtcommunicate.cpp:903] : Revc exec: set progress bar end
[DEBUG][2022-07-28 16:40:30] [19252] - [d:\wf\1\output_files\ads\fab_develop\branches\pds_2021.1\source\sw\cdt\common\cdtcommunicate.cpp:893] : Recv RPC[0] cmd [set progress bar:40001]
[DEBUG][2022-07-28 16:40:30] [19252] - [d:\wf\1\output_files\ads\fab_develop\branches\pds_2021.1\source\sw\cdt\debugger\dbgcommand.cpp:549] : The value is 65.
[DEBUG][2022-07-28 16:40:30] [19252] - [d:\wf\1\output_files\ads\fab_develop\branches\pds_2021.1\source\sw\cdt\common\cdtcommunicate.cpp:901] : Revc exec: set progress bar start
[DEBUG][2022-07-28 16:40:30] [19252] - [d:\wf\1\output_files\ads\fab_develop\branches\pds_2021.1\source\sw\cdt\common\cdtcommunicate.cpp:903] : Revc exec: set progress bar end
[DEBUG][2022-07-28 16:40:30] [19252] - [d:\wf\1\output_files\ads\fab_develop\branches\pds_2021.1\source\sw\cdt\common\cdtcommunicate.cpp:893] : Recv RPC[0] cmd [set progress bar:40001]
[DEBUG][2022-07-28 16:40:30] [19252] - [d:\wf\1\output_files\ads\fab_develop\branches\pds_2021.1\source\sw\cdt\debugger\dbgcommand.cpp:549] : The value is 70.
[DEBUG][2022-07-28 16:40:30] [19252] - [d:\wf\1\output_files\ads\fab_develop\branches\pds_2021.1\source\sw\cdt\common\cdtcommunicate.cpp:901] : Revc exec: set progress bar start
[DEBUG][2022-07-28 16:40:30] [19252] - [d:\wf\1\output_files\ads\fab_develop\branches\pds_2021.1\source\sw\cdt\common\cdtcommunicate.cpp:903] : Revc exec: set progress bar end
[DEBUG][2022-07-28 16:40:30] [19252] - [d:\wf\1\output_files\ads\fab_develop\branches\pds_2021.1\source\sw\cdt\common\cdtcommunicate.cpp:893] : Recv RPC[0] cmd [set progress bar:40001]
[DEBUG][2022-07-28 16:40:30] [19252] - [d:\wf\1\output_files\ads\fab_develop\branches\pds_2021.1\source\sw\cdt\debugger\dbgcommand.cpp:549] : The value is 75.
[DEBUG][2022-07-28 16:40:30] [19252] - [d:\wf\1\output_files\ads\fab_develop\branches\pds_2021.1\source\sw\cdt\common\cdtcommunicate.cpp:901] : Revc exec: set progress bar start
[DEBUG][2022-07-28 16:40:30] [19252] - [d:\wf\1\output_files\ads\fab_develop\branches\pds_2021.1\source\sw\cdt\common\cdtcommunicate.cpp:903] : Revc exec: set progress bar end
[DEBUG][2022-07-28 16:40:30] [19252] - [d:\wf\1\output_files\ads\fab_develop\branches\pds_2021.1\source\sw\cdt\common\cdtcommunicate.cpp:893] : Recv RPC[0] cmd [set progress bar:40001]
[DEBUG][2022-07-28 16:40:30] [19252] - [d:\wf\1\output_files\ads\fab_develop\branches\pds_2021.1\source\sw\cdt\debugger\dbgcommand.cpp:549] : The value is 80.
[DEBUG][2022-07-28 16:40:30] [19252] - [d:\wf\1\output_files\ads\fab_develop\branches\pds_2021.1\source\sw\cdt\common\cdtcommunicate.cpp:901] : Revc exec: set progress bar start
[DEBUG][2022-07-28 16:40:30] [19252] - [d:\wf\1\output_files\ads\fab_develop\branches\pds_2021.1\source\sw\cdt\common\cdtcommunicate.cpp:903] : Revc exec: set progress bar end
[DEBUG][2022-07-28 16:40:31] [19252] - [d:\wf\1\output_files\ads\fab_develop\branches\pds_2021.1\source\sw\cdt\common\cdtcommunicate.cpp:893] : Recv RPC[0] cmd [set progress bar:40001]
[DEBUG][2022-07-28 16:40:31] [19252] - [d:\wf\1\output_files\ads\fab_develop\branches\pds_2021.1\source\sw\cdt\debugger\dbgcommand.cpp:549] : The value is 85.
[DEBUG][2022-07-28 16:40:31] [19252] - [d:\wf\1\output_files\ads\fab_develop\branches\pds_2021.1\source\sw\cdt\common\cdtcommunicate.cpp:901] : Revc exec: set progress bar start
[DEBUG][2022-07-28 16:40:31] [19252] - [d:\wf\1\output_files\ads\fab_develop\branches\pds_2021.1\source\sw\cdt\common\cdtcommunicate.cpp:903] : Revc exec: set progress bar end
[DEBUG][2022-07-28 16:40:31] [19252] - [d:\wf\1\output_files\ads\fab_develop\branches\pds_2021.1\source\sw\cdt\common\cdtcommunicate.cpp:893] : Recv RPC[0] cmd [set progress bar:40001]
[DEBUG][2022-07-28 16:40:31] [19252] - [d:\wf\1\output_files\ads\fab_develop\branches\pds_2021.1\source\sw\cdt\debugger\dbgcommand.cpp:549] : The value is 90.
[DEBUG][2022-07-28 16:40:31] [19252] - [d:\wf\1\output_files\ads\fab_develop\branches\pds_2021.1\source\sw\cdt\common\cdtcommunicate.cpp:901] : Revc exec: set progress bar start
[DEBUG][2022-07-28 16:40:31] [19252] - [d:\wf\1\output_files\ads\fab_develop\branches\pds_2021.1\source\sw\cdt\common\cdtcommunicate.cpp:903] : Revc exec: set progress bar end
[DEBUG][2022-07-28 16:40:31] [19252] - [d:\wf\1\output_files\ads\fab_develop\branches\pds_2021.1\source\sw\cdt\common\cdtcommunicate.cpp:893] : Recv RPC[0] cmd [set progress bar:40001]
[DEBUG][2022-07-28 16:40:31] [19252] - [d:\wf\1\output_files\ads\fab_develop\branches\pds_2021.1\source\sw\cdt\debugger\dbgcommand.cpp:549] : The value is 95.
[DEBUG][2022-07-28 16:40:31] [19252] - [d:\wf\1\output_files\ads\fab_develop\branches\pds_2021.1\source\sw\cdt\common\cdtcommunicate.cpp:901] : Revc exec: set progress bar start
[DEBUG][2022-07-28 16:40:31] [19252] - [d:\wf\1\output_files\ads\fab_develop\branches\pds_2021.1\source\sw\cdt\common\cdtcommunicate.cpp:903] : Revc exec: set progress bar end
[DEBUG][2022-07-28 16:40:31] [19252] - [d:\wf\1\output_files\ads\fab_develop\branches\pds_2021.1\source\sw\cdt\common\cdtcommunicate.cpp:893] : Recv RPC[0] cmd [set progress bar:40001]
[DEBUG][2022-07-28 16:40:31] [19252] - [d:\wf\1\output_files\ads\fab_develop\branches\pds_2021.1\source\sw\cdt\debugger\dbgcommand.cpp:549] : The value is 100.
[DEBUG][2022-07-28 16:40:31] [19252] - [d:\wf\1\output_files\ads\fab_develop\branches\pds_2021.1\source\sw\cdt\common\cdtcommunicate.cpp:901] : Revc exec: set progress bar start
[DEBUG][2022-07-28 16:40:31] [19252] - [d:\wf\1\output_files\ads\fab_develop\branches\pds_2021.1\source\sw\cdt\common\cdtcommunicate.cpp:903] : Revc exec: set progress bar end
[DEBUG][2022-07-28 16:40:32] [19252] - [d:\wf\1\output_files\ads\fab_develop\branches\pds_2021.1\source\sw\cdt\common\cdtcommunicate.cpp:893] : Recv RPC[4] cmd [configure:10002]
[DEBUG][2022-07-28 16:40:32] [19252] - [d:\wf\1\output_files\ads\fab_develop\branches\pds_2021.1\source\sw\cdt\common\cdtcommunicate.cpp:901] : Revc exec: configure start
[DEBUG][2022-07-28 16:40:32] [19252] - [d:\wf\1\output_files\ads\fab_develop\branches\pds_2021.1\source\sw\cdt\debugger\dbgrecordfile.cpp:243] : [BusValue] Opt:Add.
[DEBUG][2022-07-28 16:40:32] [19252] - [d:\wf\1\output_files\ads\fab_develop\branches\pds_2021.1\source\sw\cdt\debugger\dbgrecordfile.cpp:243] : [BusValue] Opt:Add.
[DEBUG][2022-07-28 16:40:32] [19252] - [d:\wf\1\output_files\ads\fab_develop\branches\pds_2021.1\source\sw\cdt\common\cdtcommunicate.cpp:903] : Revc exec: configure end
[DEBUG][2022-07-28 16:40:32] [19252] - [d:\wf\1\output_files\ads\fab_develop\branches\pds_2021.1\source\sw\cdt\debugger\dbgclient.cpp:433] : COMMAND[configure] execute successfully, takes 4.6 secs.
[DEBUG][2022-07-28 16:40:32] [19252] - [d:\wf\1\output_files\ads\fab_develop\branches\pds_2021.1\source\sw\cdt\common\cdttclconsole.cpp:1053] : Log::Print : Import Core: 0 OK
[DEBUG][2022-07-28 16:40:34] [19252] - [d:\wf\1\output_files\ads\fab_develop\branches\pds_2021.1\source\sw\cdt\debugger\dbgmainwindow.cpp:3065] : Operation: Trigger.
[DEBUG][2022-07-28 16:40:34] [19252] - [d:\wf\1\output_files\ads\fab_develop\branches\pds_2021.1\source\sw\cdt\debugger\dbgclient.cpp:75] : Send RPC: 5.
[DEBUG][2022-07-28 16:40:34] [19252] - [d:\wf\1\output_files\ads\fab_develop\branches\pds_2021.1\source\sw\cdt\common\cdtcommunicate.cpp:772] : Send cmd [run:10003] OK
[DEBUG][2022-07-28 16:40:34] [19252] - [d:\wf\1\output_files\ads\fab_develop\branches\pds_2021.1\source\sw\cdt\common\cdtcommunicate.cpp:893] : Recv RPC[5] cmd [run:10003]
[DEBUG][2022-07-28 16:40:34] [19252] - [d:\wf\1\output_files\ads\fab_develop\branches\pds_2021.1\source\sw\cdt\common\cdtcommunicate.cpp:901] : Revc exec: run start
[DEBUG][2022-07-28 16:40:34] [19252] - [d:\wf\1\output_files\ads\fab_develop\branches\pds_2021.1\source\sw\cdt\debugger\dbgwaveform.cpp:839] : Operation: ZoomFit
[DEBUG][2022-07-28 16:40:34] [19252] - [d:\wf\1\output_files\ads\fab_develop\branches\pds_2021.1\source\sw\cdt\debugger\dbgwaveform.cpp:849] : Finish.
[DEBUG][2022-07-28 16:40:34] [19252] - [d:\wf\1\output_files\ads\fab_develop\branches\pds_2021.1\source\sw\cdt\debugger\dbgrecordfile.cpp:243] : [BusValue] Opt:Flush.
[DEBUG][2022-07-28 16:40:34] [19252] - [d:\wf\1\output_files\ads\fab_develop\branches\pds_2021.1\source\sw\cdt\debugger\dbgrecordfile.cpp:243] : [BusValue] Opt:Update.
[DEBUG][2022-07-28 16:40:34] [19252] - [d:\wf\1\output_files\ads\fab_develop\branches\pds_2021.1\source\sw\cdt\common\cdtcommunicate.cpp:903] : Revc exec: run end
[DEBUG][2022-07-28 16:40:34] [19252] - [d:\wf\1\output_files\ads\fab_develop\branches\pds_2021.1\source\sw\cdt\debugger\dbgclient.cpp:433] : COMMAND[run] execute successfully, takes 0.6 secs.
[DEBUG][2022-07-28 16:40:38] [19252] - [d:\wf\1\output_files\ads\fab_develop\branches\pds_2021.1\source\sw\cdt\debugger\dbgwaveform.cpp:785] : Operation: ZoomOut
[DEBUG][2022-07-28 16:40:38] [19252] - [d:\wf\1\output_files\ads\fab_develop\branches\pds_2021.1\source\sw\cdt\debugger\dbgwaveform.cpp:785] : Operation: ZoomOut
[DEBUG][2022-07-28 16:40:38] [19252] - [d:\wf\1\output_files\ads\fab_develop\branches\pds_2021.1\source\sw\cdt\debugger\dbgwaveform.cpp:785] : Operation: ZoomOut
[DEBUG][2022-07-28 16:40:38] [19252] - [d:\wf\1\output_files\ads\fab_develop\branches\pds_2021.1\source\sw\cdt\debugger\dbgwaveform.cpp:785] : Operation: ZoomOut
[DEBUG][2022-07-28 16:40:38] [19252] - [d:\wf\1\output_files\ads\fab_develop\branches\pds_2021.1\source\sw\cdt\debugger\dbgwaveform.cpp:785] : Operation: ZoomOut
[DEBUG][2022-07-28 16:40:39] [19252] - [d:\wf\1\output_files\ads\fab_develop\branches\pds_2021.1\source\sw\cdt\debugger\dbgwaveform.cpp:785] : Operation: ZoomOut
[DEBUG][2022-07-28 16:40:39] [19252] - [d:\wf\1\output_files\ads\fab_develop\branches\pds_2021.1\source\sw\cdt\debugger\dbgwaveform.cpp:785] : Operation: ZoomOut
[DEBUG][2022-07-28 16:40:39] [19252] - [d:\wf\1\output_files\ads\fab_develop\branches\pds_2021.1\source\sw\cdt\debugger\dbgwaveform.cpp:785] : Operation: ZoomOut
[DEBUG][2022-07-28 16:40:39] [19252] - [d:\wf\1\output_files\ads\fab_develop\branches\pds_2021.1\source\sw\cdt\debugger\dbgwaveform.cpp:785] : Operation: ZoomOut
[DEBUG][2022-07-28 16:40:40] [19252] - [d:\wf\1\output_files\ads\fab_develop\branches\pds_2021.1\source\sw\cdt\debugger\dbgmainwindow.cpp:3065] : Operation: Trigger.
[DEBUG][2022-07-28 16:40:40] [19252] - [d:\wf\1\output_files\ads\fab_develop\branches\pds_2021.1\source\sw\cdt\debugger\dbgclient.cpp:75] : Send RPC: 6.
[DEBUG][2022-07-28 16:40:40] [19252] - [d:\wf\1\output_files\ads\fab_develop\branches\pds_2021.1\source\sw\cdt\common\cdtcommunicate.cpp:772] : Send cmd [run:10003] OK
[DEBUG][2022-07-28 16:40:40] [19252] - [d:\wf\1\output_files\ads\fab_develop\branches\pds_2021.1\source\sw\cdt\common\cdtcommunicate.cpp:893] : Recv RPC[6] cmd [run:10003]
[DEBUG][2022-07-28 16:40:40] [19252] - [d:\wf\1\output_files\ads\fab_develop\branches\pds_2021.1\source\sw\cdt\common\cdtcommunicate.cpp:901] : Revc exec: run start
[DEBUG][2022-07-28 16:40:40] [19252] - [d:\wf\1\output_files\ads\fab_develop\branches\pds_2021.1\source\sw\cdt\debugger\dbgwaveform.cpp:839] : Operation: ZoomFit
[DEBUG][2022-07-28 16:40:40] [19252] - [d:\wf\1\output_files\ads\fab_develop\branches\pds_2021.1\source\sw\cdt\debugger\dbgwaveform.cpp:849] : Finish.
[DEBUG][2022-07-28 16:40:40] [19252] - [d:\wf\1\output_files\ads\fab_develop\branches\pds_2021.1\source\sw\cdt\debugger\dbgrecordfile.cpp:243] : [BusValue] Opt:Flush.
[DEBUG][2022-07-28 16:40:40] [19252] - [d:\wf\1\output_files\ads\fab_develop\branches\pds_2021.1\source\sw\cdt\debugger\dbgrecordfile.cpp:243] : [BusValue] Opt:Update.
[DEBUG][2022-07-28 16:40:40] [19252] - [d:\wf\1\output_files\ads\fab_develop\branches\pds_2021.1\source\sw\cdt\common\cdtcommunicate.cpp:903] : Revc exec: run end
[DEBUG][2022-07-28 16:40:40] [19252] - [d:\wf\1\output_files\ads\fab_develop\branches\pds_2021.1\source\sw\cdt\debugger\dbgclient.cpp:433] : COMMAND[run] execute successfully, takes 0.6 secs.
[DEBUG][2022-07-28 16:40:41] [19252] - [d:\wf\1\output_files\ads\fab_develop\branches\pds_2021.1\source\sw\cdt\debugger\dbgmainwindow.cpp:3065] : Operation: Trigger.
[DEBUG][2022-07-28 16:40:41] [19252] - [d:\wf\1\output_files\ads\fab_develop\branches\pds_2021.1\source\sw\cdt\debugger\dbgclient.cpp:75] : Send RPC: 7.
[DEBUG][2022-07-28 16:40:41] [19252] - [d:\wf\1\output_files\ads\fab_develop\branches\pds_2021.1\source\sw\cdt\common\cdtcommunicate.cpp:772] : Send cmd [run:10003] OK
[DEBUG][2022-07-28 16:40:42] [19252] - [d:\wf\1\output_files\ads\fab_develop\branches\pds_2021.1\source\sw\cdt\common\cdtcommunicate.cpp:893] : Recv RPC[7] cmd [run:10003]
[DEBUG][2022-07-28 16:40:42] [19252] - [d:\wf\1\output_files\ads\fab_develop\branches\pds_2021.1\source\sw\cdt\common\cdtcommunicate.cpp:901] : Revc exec: run start
[DEBUG][2022-07-28 16:40:42] [19252] - [d:\wf\1\output_files\ads\fab_develop\branches\pds_2021.1\source\sw\cdt\debugger\dbgwaveform.cpp:839] : Operation: ZoomFit
[DEBUG][2022-07-28 16:40:42] [19252] - [d:\wf\1\output_files\ads\fab_develop\branches\pds_2021.1\source\sw\cdt\debugger\dbgwaveform.cpp:849] : Finish.
[DEBUG][2022-07-28 16:40:42] [19252] - [d:\wf\1\output_files\ads\fab_develop\branches\pds_2021.1\source\sw\cdt\debugger\dbgrecordfile.cpp:243] : [BusValue] Opt:Flush.
[DEBUG][2022-07-28 16:40:42] [19252] - [d:\wf\1\output_files\ads\fab_develop\branches\pds_2021.1\source\sw\cdt\debugger\dbgrecordfile.cpp:243] : [BusValue] Opt:Update.
[DEBUG][2022-07-28 16:40:42] [19252] - [d:\wf\1\output_files\ads\fab_develop\branches\pds_2021.1\source\sw\cdt\common\cdtcommunicate.cpp:903] : Revc exec: run end
[DEBUG][2022-07-28 16:40:42] [19252] - [d:\wf\1\output_files\ads\fab_develop\branches\pds_2021.1\source\sw\cdt\debugger\dbgclient.cpp:433] : COMMAND[run] execute successfully, takes 0.6 secs.
[DEBUG][2022-07-28 16:40:54] [19252] - [d:\wf\1\output_files\ads\fab_develop\branches\pds_2021.1\source\sw\cdt\debugger\dbgmainwindow.cpp:3065] : Operation: Trigger.
[DEBUG][2022-07-28 16:40:54] [19252] - [d:\wf\1\output_files\ads\fab_develop\branches\pds_2021.1\source\sw\cdt\debugger\dbgclient.cpp:75] : Send RPC: 8.
[DEBUG][2022-07-28 16:40:54] [19252] - [d:\wf\1\output_files\ads\fab_develop\branches\pds_2021.1\source\sw\cdt\common\cdtcommunicate.cpp:772] : Send cmd [run:10003] OK
[DEBUG][2022-07-28 16:40:58] [19252] - [d:\wf\1\output_files\ads\fab_develop\branches\pds_2021.1\source\sw\cdt\common\cdtcommunicate.cpp:893] : Recv RPC[8] cmd [run:10003]
[DEBUG][2022-07-28 16:40:58] [19252] - [d:\wf\1\output_files\ads\fab_develop\branches\pds_2021.1\source\sw\cdt\common\cdtcommunicate.cpp:901] : Revc exec: run start
[DEBUG][2022-07-28 16:40:58] [19252] - [d:\wf\1\output_files\ads\fab_develop\branches\pds_2021.1\source\sw\cdt\debugger\dbgwaveform.cpp:839] : Operation: ZoomFit
[DEBUG][2022-07-28 16:40:58] [19252] - [d:\wf\1\output_files\ads\fab_develop\branches\pds_2021.1\source\sw\cdt\debugger\dbgwaveform.cpp:849] : Finish.
[DEBUG][2022-07-28 16:40:58] [19252] - [d:\wf\1\output_files\ads\fab_develop\branches\pds_2021.1\source\sw\cdt\debugger\dbgrecordfile.cpp:243] : [BusValue] Opt:Flush.
[DEBUG][2022-07-28 16:40:58] [19252] - [d:\wf\1\output_files\ads\fab_develop\branches\pds_2021.1\source\sw\cdt\debugger\dbgrecordfile.cpp:243] : [BusValue] Opt:Update.
[DEBUG][2022-07-28 16:40:58] [19252] - [d:\wf\1\output_files\ads\fab_develop\branches\pds_2021.1\source\sw\cdt\common\cdtcommunicate.cpp:903] : Revc exec: run end
[DEBUG][2022-07-28 16:40:58] [19252] - [d:\wf\1\output_files\ads\fab_develop\branches\pds_2021.1\source\sw\cdt\debugger\dbgclient.cpp:433] : COMMAND[run] execute successfully, takes 4.1 secs.
[DEBUG][2022-07-28 16:41:01] [19252] - [d:\wf\1\output_files\ads\fab_develop\branches\pds_2021.1\source\sw\cdt\debugger\dbgwaveform.cpp:771] : Operation: Zoom in.
[DEBUG][2022-07-28 16:41:01] [19252] - [d:\wf\1\output_files\ads\fab_develop\branches\pds_2021.1\source\sw\cdt\debugger\dbgwaveform.cpp:775] : Finish.
[DEBUG][2022-07-28 16:41:02] [19252] - [d:\wf\1\output_files\ads\fab_develop\branches\pds_2021.1\source\sw\cdt\debugger\dbgwaveform.cpp:771] : Operation: Zoom in.
[DEBUG][2022-07-28 16:41:02] [19252] - [d:\wf\1\output_files\ads\fab_develop\branches\pds_2021.1\source\sw\cdt\debugger\dbgwaveform.cpp:775] : Finish.
[DEBUG][2022-07-28 16:41:02] [19252] - [d:\wf\1\output_files\ads\fab_develop\branches\pds_2021.1\source\sw\cdt\debugger\dbgwaveform.cpp:771] : Operation: Zoom in.
[DEBUG][2022-07-28 16:41:02] [19252] - [d:\wf\1\output_files\ads\fab_develop\branches\pds_2021.1\source\sw\cdt\debugger\dbgwaveform.cpp:775] : Finish.
[DEBUG][2022-07-28 16:41:03] [19252] - [d:\wf\1\output_files\ads\fab_develop\branches\pds_2021.1\source\sw\cdt\debugger\dbgwaveform.cpp:771] : Operation: Zoom in.
[DEBUG][2022-07-28 16:41:03] [19252] - [d:\wf\1\output_files\ads\fab_develop\branches\pds_2021.1\source\sw\cdt\debugger\dbgwaveform.cpp:775] : Finish.
[DEBUG][2022-07-28 16:41:03] [19252] - [d:\wf\1\output_files\ads\fab_develop\branches\pds_2021.1\source\sw\cdt\debugger\dbgwaveform.cpp:771] : Operation: Zoom in.
[DEBUG][2022-07-28 16:41:03] [19252] - [d:\wf\1\output_files\ads\fab_develop\branches\pds_2021.1\source\sw\cdt\debugger\dbgwaveform.cpp:775] : Finish.
[DEBUG][2022-07-28 16:41:03] [19252] - [d:\wf\1\output_files\ads\fab_develop\branches\pds_2021.1\source\sw\cdt\debugger\dbgwaveform.cpp:771] : Operation: Zoom in.
[DEBUG][2022-07-28 16:41:03] [19252] - [d:\wf\1\output_files\ads\fab_develop\branches\pds_2021.1\source\sw\cdt\debugger\dbgwaveform.cpp:775] : Finish.
[DEBUG][2022-07-28 16:41:04] [19252] - [d:\wf\1\output_files\ads\fab_develop\branches\pds_2021.1\source\sw\cdt\debugger\dbgwaveform.cpp:785] : Operation: ZoomOut
[DEBUG][2022-07-28 16:41:04] [19252] - [d:\wf\1\output_files\ads\fab_develop\branches\pds_2021.1\source\sw\cdt\debugger\dbgwaveform.cpp:805] : Finish.
[DEBUG][2022-07-28 16:41:04] [19252] - [d:\wf\1\output_files\ads\fab_develop\branches\pds_2021.1\source\sw\cdt\debugger\dbgwaveform.cpp:785] : Operation: ZoomOut
[DEBUG][2022-07-28 16:41:04] [19252] - [d:\wf\1\output_files\ads\fab_develop\branches\pds_2021.1\source\sw\cdt\debugger\dbgwaveform.cpp:805] : Finish.
[DEBUG][2022-07-28 16:41:04] [19252] - [d:\wf\1\output_files\ads\fab_develop\branches\pds_2021.1\source\sw\cdt\debugger\dbgwaveform.cpp:785] : Operation: ZoomOut
[DEBUG][2022-07-28 16:41:04] [19252] - [d:\wf\1\output_files\ads\fab_develop\branches\pds_2021.1\source\sw\cdt\debugger\dbgwaveform.cpp:805] : Finish.
[DEBUG][2022-07-28 16:41:04] [19252] - [d:\wf\1\output_files\ads\fab_develop\branches\pds_2021.1\source\sw\cdt\debugger\dbgwaveform.cpp:785] : Operation: ZoomOut
[DEBUG][2022-07-28 16:41:04] [19252] - [d:\wf\1\output_files\ads\fab_develop\branches\pds_2021.1\source\sw\cdt\debugger\dbgwaveform.cpp:805] : Finish.
[DEBUG][2022-07-28 16:41:05] [19252] - [d:\wf\1\output_files\ads\fab_develop\branches\pds_2021.1\source\sw\cdt\debugger\dbgwaveform.cpp:785] : Operation: ZoomOut
[DEBUG][2022-07-28 16:41:05] [19252] - [d:\wf\1\output_files\ads\fab_develop\branches\pds_2021.1\source\sw\cdt\debugger\dbgwaveform.cpp:805] : Finish.
[DEBUG][2022-07-28 16:41:05] [19252] - [d:\wf\1\output_files\ads\fab_develop\branches\pds_2021.1\source\sw\cdt\debugger\dbgwaveform.cpp:785] : Operation: ZoomOut
[DEBUG][2022-07-28 16:41:05] [19252] - [d:\wf\1\output_files\ads\fab_develop\branches\pds_2021.1\source\sw\cdt\debugger\dbgwaveform.cpp:805] : Finish.
[DEBUG][2022-07-28 16:41:05] [19252] - [d:\wf\1\output_files\ads\fab_develop\branches\pds_2021.1\source\sw\cdt\debugger\dbgwaveform.cpp:785] : Operation: ZoomOut
[DEBUG][2022-07-28 17:03:37] [19252] - [d:\wf\1\output_files\ads\fab_develop\branches\pds_2021.1\source\sw\cdt\debugger\dbgmainwindow.cpp:4185] : Operation: Try to close window.
[DEBUG][2022-07-28 17:03:37] [19252] - [d:\wf\1\output_files\ads\fab_develop\branches\pds_2021.1\source\sw\cdt\debugger\main.cpp:157] : /*************************** 2022-07-28 17:03:37  End ***************************/
