#Build: Fabric Inserter 2021.1-SP7, Build 86875, Dec 07 11:14 2021
#Install: C:\pango\PDS_2021.1-SP7-ads\bin
#Application name: cdt_ins.exe
#OS: Windows 10 10.0.16299
#Hostname: DESKTOP-AF63KB8
Generated by Fabric Inserter (version 2021.1-SP7 build 86875) at Thu Jul 28 16:36:29 2022
*************************************************************************
*
*  Parsing design. Please be patient as this can take several minutes.
*
*************************************************************************
Compiling architecture definition.
Loading technology operator library.
Compiling technology operator library.
Compiling technology operator (valence) library.
Compiling file 'E:/axp100/demo/hdmi_loop/synthesize/hdmi_loop_syn.adf' successful.
Creating module hierarchy.
Collecting net information.
*************************************************************************
*
*  Design Parsing Done.
*
*************************************************************************
Successfully Write Project E:/axp100/demo/hdmi_loop/synthesize/hdmi_loop_syn.fic.
FIC_BEGIN[E:/axp100/demo/hdmi_loop/synthesize/hdmi_loop_syn.fic]FIC_END
FIC_BEGIN[E:/axp100/demo/hdmi_loop/synthesize/hdmi_loop_syn.fic]FIC_END
