#Build: Fabric Compiler 2021.1-SP7.1, Build 90533, Mar 18 18:43 2022
#Install: D:\programs\PDS2021\PDS_2021.1-SP7.1-ads\bin
#Application name: pds_shell.exe
#OS: Windows 10 10.0.19044
#Hostname: LAPTOP-R7000P
Generated by Fabric Compiler (version 2021.1-SP7.1 build 90533) at Wed Nov  9 19:16:05 2022
Executing command action 'cmd_report_power'
Compiling verification operator library.
Compiling common defs.
Compiling prim grid devices.
Compiling gate devices.
Compiling gate operators.
Building architecture model.
Loading device packaging model.
Reading design from pnr DB.
Start: Report Power
Report Power...
Report Power successfully.
Action report_power: Real time elapsed is 31.000 sec
Action report_power: CPU time elapsed is 30.219 sec
Current time: Wed Nov  9 19:16:35 2022
Action report_power: Peak memory pool usage is 934,576,128 bytes
