#Build: Fabric Compiler 2021.1-SP7, Build 86875, Dec 07 11:14 2021
#Install: C:\pango\PDS_2021.1-SP7-ads\bin
#Application name: pds_shell.exe
#OS: Windows 10 10.0.16299
#Hostname: DESKTOP-AF63KB8
Generated by Fabric Compiler (version 2021.1-SP7 build 86875) at Thu Jul 28 16:34:06 2022
Compiling verification operator library.
Compiling common defs.
Compiling prim grid devices.
Compiling gate devices.
Compiling gate operators.
Building architecture model.
Loading device packaging model.
I: Parameter configuration file E:/axp100/demo/hdmi_loop/testparam.txt cannot open.
Starting placement and routing flow. (CPU time elapsed 0h:00m:00s)
Reading design from devmap DB.
Building architecture floorplan logic view.
Executing : apply_constraint -f E:/axp100/demo/hdmi_loop/device_map/hdmi_loop.pcf
Executing : def_port hdmi_scl -LOC G21 -VCCIO 3.3 -IOSTANDARD LVCMOS33 -DRIVE 4
C: ConstraintEditor-2011: i2c_config_m0.i2c_scl_tri/opit_0 is lack of PAP_IO_SLEW, OUTPUT or INOUT PORT had better set PAP_IO_SLEW, the default value is FAST.
Executing : def_port hdmi_scl -LOC G21 -VCCIO 3.3 -IOSTANDARD LVCMOS33 -DRIVE 4 successfully.
Executing : def_port hdmi_sda -LOC J21 -VCCIO 3.3 -IOSTANDARD LVCMOS33 -DRIVE 4
C: ConstraintEditor-2011: i2c_config_m0.i2c_sda_tri/opit_0 is lack of PAP_IO_SLEW, OUTPUT or INOUT PORT had better set PAP_IO_SLEW, the default value is FAST.
Executing : def_port hdmi_sda -LOC J21 -VCCIO 3.3 -IOSTANDARD LVCMOS33 -DRIVE 4 successfully.
Executing : def_port hdmi_in_nreset -LOC J16 -VCCIO 3.3 -IOSTANDARD LVCMOS33 -DRIVE 4
C: ConstraintEditor-2011: hdmi_in_nreset_obuf/opit_0 is lack of PAP_IO_SLEW, OUTPUT or INOUT PORT had better set PAP_IO_SLEW, the default value is FAST.
Executing : def_port hdmi_in_nreset -LOC J16 -VCCIO 3.3 -IOSTANDARD LVCMOS33 -DRIVE 4 successfully.
Executing : def_port hdmi_nreset -LOC G26 -VCCIO 3.3 -IOSTANDARD LVCMOS33 -DRIVE 4
C: ConstraintEditor-2011: hdmi_nreset_obuf/opit_0 is lack of PAP_IO_SLEW, OUTPUT or INOUT PORT had better set PAP_IO_SLEW, the default value is FAST.
Executing : def_port hdmi_nreset -LOC G26 -VCCIO 3.3 -IOSTANDARD LVCMOS33 -DRIVE 4 successfully.
Executing : def_port {led[0]} -LOC H24 -VCCIO 3.3 -IOSTANDARD LVCMOS33 -DRIVE 4 -SLEW FAST
Executing : def_port {led[0]} -LOC H24 -VCCIO 3.3 -IOSTANDARD LVCMOS33 -DRIVE 4 -SLEW FAST successfully.
Executing : def_port {led[1]} -LOC J24 -VCCIO 3.3 -IOSTANDARD LVCMOS33 -DRIVE 4 -SLEW FAST
Executing : def_port {led[1]} -LOC J24 -VCCIO 3.3 -IOSTANDARD LVCMOS33 -DRIVE 4 -SLEW FAST successfully.
Executing : def_port vout_clk -LOC N19 -VCCIO 3.3 -IOSTANDARD LVCMOS33 -DRIVE 12
C: ConstraintEditor-2011: vout_clk_obuf/opit_0 is lack of PAP_IO_SLEW, OUTPUT or INOUT PORT had better set PAP_IO_SLEW, the default value is FAST.
Executing : def_port vout_clk -LOC N19 -VCCIO 3.3 -IOSTANDARD LVCMOS33 -DRIVE 12 successfully.
Executing : def_port {vout_data[0]} -LOC P16 -VCCIO 3.3 -IOSTANDARD LVCMOS33 -DRIVE 8
C: ConstraintEditor-2011: vout_data_obuf[0]/opit_0 is lack of PAP_IO_SLEW, OUTPUT or INOUT PORT had better set PAP_IO_SLEW, the default value is FAST.
Executing : def_port {vout_data[0]} -LOC P16 -VCCIO 3.3 -IOSTANDARD LVCMOS33 -DRIVE 8 successfully.
Executing : def_port {vout_data[1]} -LOC N21 -VCCIO 3.3 -IOSTANDARD LVCMOS33 -DRIVE 8
C: ConstraintEditor-2011: vout_data_obuf[1]/opit_0 is lack of PAP_IO_SLEW, OUTPUT or INOUT PORT had better set PAP_IO_SLEW, the default value is FAST.
Executing : def_port {vout_data[1]} -LOC N21 -VCCIO 3.3 -IOSTANDARD LVCMOS33 -DRIVE 8 successfully.
Executing : def_port {vout_data[2]} -LOC N22 -VCCIO 3.3 -IOSTANDARD LVCMOS33 -DRIVE 8
C: ConstraintEditor-2011: vout_data_obuf[2]/opit_0 is lack of PAP_IO_SLEW, OUTPUT or INOUT PORT had better set PAP_IO_SLEW, the default value is FAST.
Executing : def_port {vout_data[2]} -LOC N22 -VCCIO 3.3 -IOSTANDARD LVCMOS33 -DRIVE 8 successfully.
Executing : def_port {vout_data[3]} -LOC M24 -VCCIO 3.3 -IOSTANDARD LVCMOS33 -DRIVE 8
C: ConstraintEditor-2011: vout_data_obuf[3]/opit_0 is lack of PAP_IO_SLEW, OUTPUT or INOUT PORT had better set PAP_IO_SLEW, the default value is FAST.
Executing : def_port {vout_data[3]} -LOC M24 -VCCIO 3.3 -IOSTANDARD LVCMOS33 -DRIVE 8 successfully.
Executing : def_port {vout_data[4]} -LOC M25 -VCCIO 3.3 -IOSTANDARD LVCMOS33 -DRIVE 8
C: ConstraintEditor-2011: vout_data_obuf[4]/opit_0 is lack of PAP_IO_SLEW, OUTPUT or INOUT PORT had better set PAP_IO_SLEW, the default value is FAST.
Executing : def_port {vout_data[4]} -LOC M25 -VCCIO 3.3 -IOSTANDARD LVCMOS33 -DRIVE 8 successfully.
Executing : def_port {vout_data[5]} -LOC P19 -VCCIO 3.3 -IOSTANDARD LVCMOS33 -DRIVE 8
C: ConstraintEditor-2011: vout_data_obuf[5]/opit_0 is lack of PAP_IO_SLEW, OUTPUT or INOUT PORT had better set PAP_IO_SLEW, the default value is FAST.
Executing : def_port {vout_data[5]} -LOC P19 -VCCIO 3.3 -IOSTANDARD LVCMOS33 -DRIVE 8 successfully.
Executing : def_port {vout_data[6]} -LOC L20 -VCCIO 3.3 -IOSTANDARD LVCMOS33 -DRIVE 8
C: ConstraintEditor-2011: vout_data_obuf[6]/opit_0 is lack of PAP_IO_SLEW, OUTPUT or INOUT PORT had better set PAP_IO_SLEW, the default value is FAST.
Executing : def_port {vout_data[6]} -LOC L20 -VCCIO 3.3 -IOSTANDARD LVCMOS33 -DRIVE 8 successfully.
Executing : def_port {vout_data[7]} -LOC M20 -VCCIO 3.3 -IOSTANDARD LVCMOS33 -DRIVE 8
C: ConstraintEditor-2011: vout_data_obuf[7]/opit_0 is lack of PAP_IO_SLEW, OUTPUT or INOUT PORT had better set PAP_IO_SLEW, the default value is FAST.
Executing : def_port {vout_data[7]} -LOC M20 -VCCIO 3.3 -IOSTANDARD LVCMOS33 -DRIVE 8 successfully.
Executing : def_port {vout_data[8]} -LOC L22 -VCCIO 3.3 -IOSTANDARD LVCMOS33 -DRIVE 8
C: ConstraintEditor-2011: vout_data_obuf[8]/opit_0 is lack of PAP_IO_SLEW, OUTPUT or INOUT PORT had better set PAP_IO_SLEW, the default value is FAST.
Executing : def_port {vout_data[8]} -LOC L22 -VCCIO 3.3 -IOSTANDARD LVCMOS33 -DRIVE 8 successfully.
Executing : def_port {vout_data[9]} -LOC L23 -VCCIO 3.3 -IOSTANDARD LVCMOS33 -DRIVE 8
C: ConstraintEditor-2011: vout_data_obuf[9]/opit_0 is lack of PAP_IO_SLEW, OUTPUT or INOUT PORT had better set PAP_IO_SLEW, the default value is FAST.
Executing : def_port {vout_data[9]} -LOC L23 -VCCIO 3.3 -IOSTANDARD LVCMOS33 -DRIVE 8 successfully.
Executing : def_port {vout_data[10]} -LOC N18 -VCCIO 3.3 -IOSTANDARD LVCMOS33 -DRIVE 8
C: ConstraintEditor-2011: vout_data_obuf[10]/opit_0 is lack of PAP_IO_SLEW, OUTPUT or INOUT PORT had better set PAP_IO_SLEW, the default value is FAST.
Executing : def_port {vout_data[10]} -LOC N18 -VCCIO 3.3 -IOSTANDARD LVCMOS33 -DRIVE 8 successfully.
Executing : def_port {vout_data[11]} -LOC N24 -VCCIO 3.3 -IOSTANDARD LVCMOS33 -DRIVE 8
C: ConstraintEditor-2011: vout_data_obuf[11]/opit_0 is lack of PAP_IO_SLEW, OUTPUT or INOUT PORT had better set PAP_IO_SLEW, the default value is FAST.
Executing : def_port {vout_data[11]} -LOC N24 -VCCIO 3.3 -IOSTANDARD LVCMOS33 -DRIVE 8 successfully.
Executing : def_port {vout_data[12]} -LOC N23 -VCCIO 3.3 -IOSTANDARD LVCMOS33 -DRIVE 8
C: ConstraintEditor-2011: vout_data_obuf[12]/opit_0 is lack of PAP_IO_SLEW, OUTPUT or INOUT PORT had better set PAP_IO_SLEW, the default value is FAST.
Executing : def_port {vout_data[12]} -LOC N23 -VCCIO 3.3 -IOSTANDARD LVCMOS33 -DRIVE 8 successfully.
Executing : def_port {vout_data[13]} -LOC L24 -VCCIO 3.3 -IOSTANDARD LVCMOS33 -DRIVE 8
C: ConstraintEditor-2011: vout_data_obuf[13]/opit_0 is lack of PAP_IO_SLEW, OUTPUT or INOUT PORT had better set PAP_IO_SLEW, the default value is FAST.
Executing : def_port {vout_data[13]} -LOC L24 -VCCIO 3.3 -IOSTANDARD LVCMOS33 -DRIVE 8 successfully.
Executing : def_port {vout_data[14]} -LOC L25 -VCCIO 3.3 -IOSTANDARD LVCMOS33 -DRIVE 8
C: ConstraintEditor-2011: vout_data_obuf[14]/opit_0 is lack of PAP_IO_SLEW, OUTPUT or INOUT PORT had better set PAP_IO_SLEW, the default value is FAST.
Executing : def_port {vout_data[14]} -LOC L25 -VCCIO 3.3 -IOSTANDARD LVCMOS33 -DRIVE 8 successfully.
Executing : def_port {vout_data[15]} -LOC K25 -VCCIO 3.3 -IOSTANDARD LVCMOS33 -DRIVE 8
C: ConstraintEditor-2011: vout_data_obuf[15]/opit_0 is lack of PAP_IO_SLEW, OUTPUT or INOUT PORT had better set PAP_IO_SLEW, the default value is FAST.
Executing : def_port {vout_data[15]} -LOC K25 -VCCIO 3.3 -IOSTANDARD LVCMOS33 -DRIVE 8 successfully.
Executing : def_port {vout_data[16]} -LOC K26 -VCCIO 3.3 -IOSTANDARD LVCMOS33 -DRIVE 8
C: ConstraintEditor-2011: vout_data_obuf[16]/opit_0 is lack of PAP_IO_SLEW, OUTPUT or INOUT PORT had better set PAP_IO_SLEW, the default value is FAST.
Executing : def_port {vout_data[16]} -LOC K26 -VCCIO 3.3 -IOSTANDARD LVCMOS33 -DRIVE 8 successfully.
Executing : def_port {vout_data[17]} -LOC P26 -VCCIO 3.3 -IOSTANDARD LVCMOS33 -DRIVE 8
C: ConstraintEditor-2011: vout_data_obuf[17]/opit_0 is lack of PAP_IO_SLEW, OUTPUT or INOUT PORT had better set PAP_IO_SLEW, the default value is FAST.
Executing : def_port {vout_data[17]} -LOC P26 -VCCIO 3.3 -IOSTANDARD LVCMOS33 -DRIVE 8 successfully.
Executing : def_port {vout_data[18]} -LOC R26 -VCCIO 3.3 -IOSTANDARD LVCMOS33 -DRIVE 8
C: ConstraintEditor-2011: vout_data_obuf[18]/opit_0 is lack of PAP_IO_SLEW, OUTPUT or INOUT PORT had better set PAP_IO_SLEW, the default value is FAST.
Executing : def_port {vout_data[18]} -LOC R26 -VCCIO 3.3 -IOSTANDARD LVCMOS33 -DRIVE 8 successfully.
Executing : def_port {vout_data[19]} -LOC M26 -VCCIO 3.3 -IOSTANDARD LVCMOS33 -DRIVE 8
C: ConstraintEditor-2011: vout_data_obuf[19]/opit_0 is lack of PAP_IO_SLEW, OUTPUT or INOUT PORT had better set PAP_IO_SLEW, the default value is FAST.
Executing : def_port {vout_data[19]} -LOC M26 -VCCIO 3.3 -IOSTANDARD LVCMOS33 -DRIVE 8 successfully.
Executing : def_port {vout_data[20]} -LOC N26 -VCCIO 3.3 -IOSTANDARD LVCMOS33 -DRIVE 8
C: ConstraintEditor-2011: vout_data_obuf[20]/opit_0 is lack of PAP_IO_SLEW, OUTPUT or INOUT PORT had better set PAP_IO_SLEW, the default value is FAST.
Executing : def_port {vout_data[20]} -LOC N26 -VCCIO 3.3 -IOSTANDARD LVCMOS33 -DRIVE 8 successfully.
Executing : def_port {vout_data[21]} -LOC M22 -VCCIO 3.3 -IOSTANDARD LVCMOS33 -DRIVE 8
C: ConstraintEditor-2011: vout_data_obuf[21]/opit_0 is lack of PAP_IO_SLEW, OUTPUT or INOUT PORT had better set PAP_IO_SLEW, the default value is FAST.
Executing : def_port {vout_data[21]} -LOC M22 -VCCIO 3.3 -IOSTANDARD LVCMOS33 -DRIVE 8 successfully.
Executing : def_port {vout_data[22]} -LOC M21 -VCCIO 3.3 -IOSTANDARD LVCMOS33 -DRIVE 8
C: ConstraintEditor-2011: vout_data_obuf[22]/opit_0 is lack of PAP_IO_SLEW, OUTPUT or INOUT PORT had better set PAP_IO_SLEW, the default value is FAST.
Executing : def_port {vout_data[22]} -LOC M21 -VCCIO 3.3 -IOSTANDARD LVCMOS33 -DRIVE 8 successfully.
Executing : def_port {vout_data[23]} -LOC P21 -VCCIO 3.3 -IOSTANDARD LVCMOS33 -DRIVE 8
C: ConstraintEditor-2011: vout_data_obuf[23]/opit_0 is lack of PAP_IO_SLEW, OUTPUT or INOUT PORT had better set PAP_IO_SLEW, the default value is FAST.
Executing : def_port {vout_data[23]} -LOC P21 -VCCIO 3.3 -IOSTANDARD LVCMOS33 -DRIVE 8 successfully.
Executing : def_port vout_de -LOC P15 -VCCIO 3.3 -IOSTANDARD LVCMOS33 -DRIVE 8
C: ConstraintEditor-2011: vout_de_obuf/opit_0 is lack of PAP_IO_SLEW, OUTPUT or INOUT PORT had better set PAP_IO_SLEW, the default value is FAST.
Executing : def_port vout_de -LOC P15 -VCCIO 3.3 -IOSTANDARD LVCMOS33 -DRIVE 8 successfully.
Executing : def_port vout_hs -LOC AB25 -VCCIO 3.3 -IOSTANDARD LVCMOS33 -DRIVE 8
C: ConstraintEditor-2011: vout_hs_obuf/opit_0 is lack of PAP_IO_SLEW, OUTPUT or INOUT PORT had better set PAP_IO_SLEW, the default value is FAST.
Executing : def_port vout_hs -LOC AB25 -VCCIO 3.3 -IOSTANDARD LVCMOS33 -DRIVE 8 successfully.
Executing : def_port vout_vs -LOC AA24 -VCCIO 3.3 -IOSTANDARD LVCMOS33 -DRIVE 8
C: ConstraintEditor-2011: vout_vs_obuf/opit_0 is lack of PAP_IO_SLEW, OUTPUT or INOUT PORT had better set PAP_IO_SLEW, the default value is FAST.
Executing : def_port vout_vs -LOC AA24 -VCCIO 3.3 -IOSTANDARD LVCMOS33 -DRIVE 8 successfully.
Executing : def_port rst_n -LOC E22 -VCCIO 3.3 -IOSTANDARD LVCMOS33
Executing : def_port rst_n -LOC E22 -VCCIO 3.3 -IOSTANDARD LVCMOS33 successfully.
Executing : def_port sys_clk_n -LOC P3 -VCCIO 1.5 -IOSTANDARD SSTL15D_I
Executing : def_port sys_clk_n -LOC P3 -VCCIO 1.5 -IOSTANDARD SSTL15D_I successfully.
Executing : def_port sys_clk_p -LOC R3 -VCCIO 1.5 -IOSTANDARD SSTL15D_I
Executing : def_port sys_clk_p -LOC R3 -VCCIO 1.5 -IOSTANDARD SSTL15D_I successfully.
Executing : def_port vin_clk -LOC H21 -VCCIO 3.3 -IOSTANDARD LVCMOS33
Executing : def_port vin_clk -LOC H21 -VCCIO 3.3 -IOSTANDARD LVCMOS33 successfully.
Executing : def_port {vin_data[0]} -LOC F24 -VCCIO 3.3 -IOSTANDARD LVCMOS33
C: ConstraintEditor-2002: [E:/axp100/demo/hdmi_loop/device_map/hdmi_loop.pcf(line number: 41)] | Port vin_data[0] has been placed at location F24, whose type is share pin.
Executing : def_port {vin_data[0]} -LOC F24 -VCCIO 3.3 -IOSTANDARD LVCMOS33 successfully.
Executing : def_port {vin_data[1]} -LOC G24 -VCCIO 3.3 -IOSTANDARD LVCMOS33
C: ConstraintEditor-2002: [E:/axp100/demo/hdmi_loop/device_map/hdmi_loop.pcf(line number: 42)] | Port vin_data[1] has been placed at location G24, whose type is share pin.
Executing : def_port {vin_data[1]} -LOC G24 -VCCIO 3.3 -IOSTANDARD LVCMOS33 successfully.
Executing : def_port {vin_data[2]} -LOC H23 -VCCIO 3.3 -IOSTANDARD LVCMOS33
Executing : def_port {vin_data[2]} -LOC H23 -VCCIO 3.3 -IOSTANDARD LVCMOS33 successfully.
Executing : def_port {vin_data[3]} -LOC J23 -VCCIO 3.3 -IOSTANDARD LVCMOS33
Executing : def_port {vin_data[3]} -LOC J23 -VCCIO 3.3 -IOSTANDARD LVCMOS33 successfully.
Executing : def_port {vin_data[4]} -LOC H22 -VCCIO 3.3 -IOSTANDARD LVCMOS33
Executing : def_port {vin_data[4]} -LOC H22 -VCCIO 3.3 -IOSTANDARD LVCMOS33 successfully.
Executing : def_port {vin_data[5]} -LOC F23 -VCCIO 3.3 -IOSTANDARD LVCMOS33
C: ConstraintEditor-2002: [E:/axp100/demo/hdmi_loop/device_map/hdmi_loop.pcf(line number: 46)] | Port vin_data[5] has been placed at location F23, whose type is share pin.
Executing : def_port {vin_data[5]} -LOC F23 -VCCIO 3.3 -IOSTANDARD LVCMOS33 successfully.
Executing : def_port {vin_data[6]} -LOC E23 -VCCIO 3.3 -IOSTANDARD LVCMOS33
C: ConstraintEditor-2002: [E:/axp100/demo/hdmi_loop/device_map/hdmi_loop.pcf(line number: 47)] | Port vin_data[6] has been placed at location E23, whose type is share pin.
Executing : def_port {vin_data[6]} -LOC E23 -VCCIO 3.3 -IOSTANDARD LVCMOS33 successfully.
Executing : def_port {vin_data[7]} -LOC M16 -VCCIO 3.3 -IOSTANDARD LVCMOS33
Executing : def_port {vin_data[7]} -LOC M16 -VCCIO 3.3 -IOSTANDARD LVCMOS33 successfully.
Executing : def_port {vin_data[8]} -LOC M17 -VCCIO 3.3 -IOSTANDARD LVCMOS33
Executing : def_port {vin_data[8]} -LOC M17 -VCCIO 3.3 -IOSTANDARD LVCMOS33 successfully.
Executing : def_port {vin_data[9]} -LOC K17 -VCCIO 3.3 -IOSTANDARD LVCMOS33
C: ConstraintEditor-2002: [E:/axp100/demo/hdmi_loop/device_map/hdmi_loop.pcf(line number: 50)] | Port vin_data[9] has been placed at location K17, whose type is share pin.
Executing : def_port {vin_data[9]} -LOC K17 -VCCIO 3.3 -IOSTANDARD LVCMOS33 successfully.
Executing : def_port {vin_data[10]} -LOC K16 -VCCIO 3.3 -IOSTANDARD LVCMOS33
C: ConstraintEditor-2002: [E:/axp100/demo/hdmi_loop/device_map/hdmi_loop.pcf(line number: 51)] | Port vin_data[10] has been placed at location K16, whose type is share pin.
Executing : def_port {vin_data[10]} -LOC K16 -VCCIO 3.3 -IOSTANDARD LVCMOS33 successfully.
Executing : def_port {vin_data[11]} -LOC E26 -VCCIO 3.3 -IOSTANDARD LVCMOS33
Executing : def_port {vin_data[11]} -LOC E26 -VCCIO 3.3 -IOSTANDARD LVCMOS33 successfully.
Executing : def_port {vin_data[12]} -LOC D26 -VCCIO 3.3 -IOSTANDARD LVCMOS33
C: ConstraintEditor-2002: [E:/axp100/demo/hdmi_loop/device_map/hdmi_loop.pcf(line number: 53)] | Port vin_data[12] has been placed at location D26, whose type is share pin.
Executing : def_port {vin_data[12]} -LOC D26 -VCCIO 3.3 -IOSTANDARD LVCMOS33 successfully.
Executing : def_port {vin_data[13]} -LOC E25 -VCCIO 3.3 -IOSTANDARD LVCMOS33
C: ConstraintEditor-2002: [E:/axp100/demo/hdmi_loop/device_map/hdmi_loop.pcf(line number: 54)] | Port vin_data[13] has been placed at location E25, whose type is share pin.
Executing : def_port {vin_data[13]} -LOC E25 -VCCIO 3.3 -IOSTANDARD LVCMOS33 successfully.
Executing : def_port {vin_data[14]} -LOC D25 -VCCIO 3.3 -IOSTANDARD LVCMOS33
C: ConstraintEditor-2002: [E:/axp100/demo/hdmi_loop/device_map/hdmi_loop.pcf(line number: 55)] | Port vin_data[14] has been placed at location D25, whose type is share pin.
Executing : def_port {vin_data[14]} -LOC D25 -VCCIO 3.3 -IOSTANDARD LVCMOS33 successfully.
Executing : def_port {vin_data[15]} -LOC G25 -VCCIO 3.3 -IOSTANDARD LVCMOS33
C: ConstraintEditor-2002: [E:/axp100/demo/hdmi_loop/device_map/hdmi_loop.pcf(line number: 56)] | Port vin_data[15] has been placed at location G25, whose type is share pin.
Executing : def_port {vin_data[15]} -LOC G25 -VCCIO 3.3 -IOSTANDARD LVCMOS33 successfully.
Executing : def_port {vin_data[16]} -LOC K18 -VCCIO 3.3 -IOSTANDARD LVCMOS33
Executing : def_port {vin_data[16]} -LOC K18 -VCCIO 3.3 -IOSTANDARD LVCMOS33 successfully.
Executing : def_port {vin_data[17]} -LOC J14 -VCCIO 3.3 -IOSTANDARD LVCMOS33
C: ConstraintEditor-2002: [E:/axp100/demo/hdmi_loop/device_map/hdmi_loop.pcf(line number: 58)] | Port vin_data[17] has been placed at location J14, whose type is share pin.
Executing : def_port {vin_data[17]} -LOC J14 -VCCIO 3.3 -IOSTANDARD LVCMOS33 successfully.
Executing : def_port {vin_data[18]} -LOC J15 -VCCIO 3.3 -IOSTANDARD LVCMOS33
C: ConstraintEditor-2002: [E:/axp100/demo/hdmi_loop/device_map/hdmi_loop.pcf(line number: 59)] | Port vin_data[18] has been placed at location J15, whose type is share pin.
Executing : def_port {vin_data[18]} -LOC J15 -VCCIO 3.3 -IOSTANDARD LVCMOS33 successfully.
Executing : def_port {vin_data[19]} -LOC J18 -VCCIO 3.3 -IOSTANDARD LVCMOS33
C: ConstraintEditor-2002: [E:/axp100/demo/hdmi_loop/device_map/hdmi_loop.pcf(line number: 60)] | Port vin_data[19] has been placed at location J18, whose type is share pin.
Executing : def_port {vin_data[19]} -LOC J18 -VCCIO 3.3 -IOSTANDARD LVCMOS33 successfully.
Executing : def_port {vin_data[20]} -LOC H18 -VCCIO 3.3 -IOSTANDARD LVCMOS33
C: ConstraintEditor-2002: [E:/axp100/demo/hdmi_loop/device_map/hdmi_loop.pcf(line number: 61)] | Port vin_data[20] has been placed at location H18, whose type is share pin.
Executing : def_port {vin_data[20]} -LOC H18 -VCCIO 3.3 -IOSTANDARD LVCMOS33 successfully.
Executing : def_port {vin_data[21]} -LOC H19 -VCCIO 3.3 -IOSTANDARD LVCMOS33
C: ConstraintEditor-2002: [E:/axp100/demo/hdmi_loop/device_map/hdmi_loop.pcf(line number: 62)] | Port vin_data[21] has been placed at location H19, whose type is share pin.
Executing : def_port {vin_data[21]} -LOC H19 -VCCIO 3.3 -IOSTANDARD LVCMOS33 successfully.
Executing : def_port {vin_data[22]} -LOC J19 -VCCIO 3.3 -IOSTANDARD LVCMOS33
C: ConstraintEditor-2002: [E:/axp100/demo/hdmi_loop/device_map/hdmi_loop.pcf(line number: 63)] | Port vin_data[22] has been placed at location J19, whose type is share pin.
Executing : def_port {vin_data[22]} -LOC J19 -VCCIO 3.3 -IOSTANDARD LVCMOS33 successfully.
Executing : def_port {vin_data[23]} -LOC K15 -VCCIO 3.3 -IOSTANDARD LVCMOS33
C: ConstraintEditor-2002: [E:/axp100/demo/hdmi_loop/device_map/hdmi_loop.pcf(line number: 64)] | Port vin_data[23] has been placed at location K15, whose type is share pin.
Executing : def_port {vin_data[23]} -LOC K15 -VCCIO 3.3 -IOSTANDARD LVCMOS33 successfully.
Executing : def_port vin_de -LOC F22 -VCCIO 3.3 -IOSTANDARD LVCMOS33
C: ConstraintEditor-2002: [E:/axp100/demo/hdmi_loop/device_map/hdmi_loop.pcf(line number: 65)] | Port vin_de has been placed at location F22, whose type is share pin.
Executing : def_port vin_de -LOC F22 -VCCIO 3.3 -IOSTANDARD LVCMOS33 successfully.
Executing : def_port vin_hs -LOC G22 -VCCIO 3.3 -IOSTANDARD LVCMOS33
Executing : def_port vin_hs -LOC G22 -VCCIO 3.3 -IOSTANDARD LVCMOS33 successfully.
Executing : def_port vin_vs -LOC H26 -VCCIO 3.3 -IOSTANDARD LVCMOS33
C: ConstraintEditor-2002: [E:/axp100/demo/hdmi_loop/device_map/hdmi_loop.pcf(line number: 67)] | Port vin_vs has been placed at location H26, whose type is share pin.
Executing : def_port vin_vs -LOC H26 -VCCIO 3.3 -IOSTANDARD LVCMOS33 successfully.
Executing : apply_constraint -f E:/axp100/demo/hdmi_loop/device_map/hdmi_loop.pcf successfully.

Placement started.
Pre global placement started.
Mapping instance GRS_INST/grs_ccs to CCS_87_316.
Mapping instance sys_pll_m0/u_gpll/gpll_inst to GPLL_367_463.
Mapping instance clkbufg_1/gopclkbufg to USCM_215_576.
Mapping instance clkbufg_0/gopclkbufg to USCM_215_624.
Pre global placement takes 4.27 sec.

Global placement started.
Run super clustering :
	Initial slack 13852.
	3 iterations finished.
	Final slack 14939.
Super clustering done.
Design Utilization : 1%.
Wirelength after global placement is 2534.
Global placement takes 0.41 sec.

Post global placement started.
Placed fixed group with base inst hdmi_in_nreset_obuf/opit_1 on IOLHR_16_900.
Placed fixed group with base inst hdmi_nreset_obuf/opit_1 on IOLHR_16_642.
Placed fixed group with base inst i2c_config_m0.i2c_scl_tri/opit_1 on IOLHR_16_780.
Placed fixed group with base inst i2c_config_m0.i2c_sda_tri/opit_1 on IOLHR_16_768.
Placed fixed group with base inst led_obuf[0]/opit_1 on IOLHR_16_714.
Placed fixed group with base inst led_obuf[1]/opit_1 on IOLHR_16_720.
Placed fixed group with base inst rst_n_ibuf/opit_1 on IOLHR_16_918.
Placed fixed group with base inst sys_clk_ibufgds/opit_2 on IOLHR_364_450.
Placed fixed group with base inst vin_clk_ibuf/opit_1 on IOLHR_16_756.
Placed fixed group with base inst vin_data_ibuf[0]/opit_1 on IOLHR_16_678.
Placed fixed group with base inst vin_data_ibuf[1]/opit_1 on IOLHR_16_684.
Placed fixed group with base inst vin_data_ibuf[2]/opit_1 on IOLHR_16_738.
Placed fixed group with base inst vin_data_ibuf[3]/opit_1 on IOLHR_16_744.
Placed fixed group with base inst vin_data_ibuf[4]/opit_1 on IOLHR_16_750.
Placed fixed group with base inst vin_data_ibuf[5]/opit_1 on IOLHR_16_708.
Placed fixed group with base inst vin_data_ibuf[6]/opit_1 on IOLHR_16_702.
Placed fixed group with base inst vin_data_ibuf[7]/opit_1 on IOLHR_16_846.
Placed fixed group with base inst vin_data_ibuf[8]/opit_1 on IOLHR_16_840.
Placed fixed group with base inst vin_data_ibuf[9]/opit_1 on IOLHR_16_876.
Placed fixed group with base inst vin_data_ibuf[10]/opit_1 on IOLHR_16_882.
Placed fixed group with base inst vin_data_ibuf[11]/opit_1 on IOLHR_16_660.
Placed fixed group with base inst vin_data_ibuf[12]/opit_1 on IOLHR_16_654.
Placed fixed group with base inst vin_data_ibuf[13]/opit_1 on IOLHR_16_672.
Placed fixed group with base inst vin_data_ibuf[14]/opit_1 on IOLHR_16_666.
Placed fixed group with base inst vin_data_ibuf[15]/opit_1 on IOLHR_16_636.
Placed fixed group with base inst vin_data_ibuf[16]/opit_1 on IOLHR_16_912.
Placed fixed group with base inst vin_data_ibuf[17]/opit_1 on IOLHR_16_894.
Placed fixed group with base inst vin_data_ibuf[18]/opit_1 on IOLHR_16_888.
Placed fixed group with base inst vin_data_ibuf[19]/opit_1 on IOLHR_16_798.
Placed fixed group with base inst vin_data_ibuf[20]/opit_1 on IOLHR_16_792.
Placed fixed group with base inst vin_data_ibuf[21]/opit_1 on IOLHR_16_828.
Placed fixed group with base inst vin_data_ibuf[22]/opit_1 on IOLHR_16_834.
Placed fixed group with base inst vin_data_ibuf[23]/opit_1 on IOLHR_16_906.
Placed fixed group with base inst vin_de_ibuf/opit_1 on IOLHR_16_726.
Placed fixed group with base inst vin_hs_ibuf/opit_1 on IOLHR_16_732.
Placed fixed group with base inst vin_vs_ibuf/opit_1 on IOLHR_16_648.
Placed fixed group with base inst vout_clk_obuf/opit_1 on IOLHR_16_408.
Placed fixed group with base inst vout_data_obuf[0]/opit_1 on IOLHR_16_570.
Placed fixed group with base inst vout_data_obuf[1]/opit_1 on IOLHR_16_450.
Placed fixed group with base inst vout_data_obuf[2]/opit_1 on IOLHR_16_444.
Placed fixed group with base inst vout_data_obuf[3]/opit_1 on IOLHR_16_492.
Placed fixed group with base inst vout_data_obuf[4]/opit_1 on IOLHR_16_486.
Placed fixed group with base inst vout_data_obuf[5]/opit_1 on IOLHR_16_414.
Placed fixed group with base inst vout_data_obuf[6]/opit_1 on IOLHR_16_510.
Placed fixed group with base inst vout_data_obuf[7]/opit_1 on IOLHR_16_516.
Placed fixed group with base inst vout_data_obuf[8]/opit_1 on IOLHR_16_480.
Placed fixed group with base inst vout_data_obuf[9]/opit_1 on IOLHR_16_474.
Placed fixed group with base inst vout_data_obuf[10]/opit_1 on IOLHR_16_534.
Placed fixed group with base inst vout_data_obuf[11]/opit_1 on IOLHR_16_420.
Placed fixed group with base inst vout_data_obuf[12]/opit_1 on IOLHR_16_426.
Placed fixed group with base inst vout_data_obuf[13]/opit_1 on IOLHR_16_504.
Placed fixed group with base inst vout_data_obuf[14]/opit_1 on IOLHR_16_498.
Placed fixed group with base inst vout_data_obuf[15]/opit_1 on IOLHR_16_528.
Placed fixed group with base inst vout_data_obuf[16]/opit_1 on IOLHR_16_522.
Placed fixed group with base inst vout_data_obuf[17]/opit_1 on IOLHR_16_336.
Placed fixed group with base inst vout_data_obuf[18]/opit_1 on IOLHR_16_342.
Placed fixed group with base inst vout_data_obuf[19]/opit_1 on IOLHR_16_360.
Placed fixed group with base inst vout_data_obuf[20]/opit_1 on IOLHR_16_366.
Placed fixed group with base inst vout_data_obuf[21]/opit_1 on IOLHR_16_462.
Placed fixed group with base inst vout_data_obuf[22]/opit_1 on IOLHR_16_468.
Placed fixed group with base inst vout_data_obuf[23]/opit_1 on IOLHR_16_432.
Placed fixed group with base inst vout_de_obuf/opit_1 on IOLHR_16_576.
Placed fixed group with base inst vout_hs_obuf/opit_1 on IOLHR_16_216.
Placed fixed group with base inst vout_vs_obuf/opit_1 on IOLHR_16_222.
Placed fixed instance GRS_INST/grs_ccs on CCS_87_316.
Placed fixed instance clkbufg_0/gopclkbufg on USCM_215_624.
Placed fixed instance clkbufg_1/gopclkbufg on USCM_215_576.
Placed fixed instance sys_pll_m0/u_gpll/gpll_inst on GPLL_367_463.
Placed fixed instance BKCL_auto_0 on BKCL_1_952.
Placed fixed instance BKCL_auto_1 on BKCL_1_646.
Placed fixed instance BKCL_auto_2 on BKCL_1_340.
Placed fixed instance BKCL_auto_3 on BKCL_1_34.
Placed fixed instance BKCL_auto_4 on BKCL_373_340.
IO placement started.
IO placement takes 0.03 sec.

I: LUT6D pack result: There are 90 LUT6 in collection, pack success:5
Macro cell placement started.
Wirelength after Macro cell placement is 2553.
Macro cell placement takes 0.00 sec.

Run super clustering :
	Initial slack 13852.
	3 iterations finished.
	Final slack 14939.
Super clustering done.
Design Utilization : 1%.
Wirelength after post global placement is 2585.
I: LUT6D pack result: There are 80 LUT6 in collection, pack success:0
Post global placement takes 0.59 sec.

Legalization started.
Wirelength after legalization is 2898.
Legalization takes 0.06 sec.

Timing-driven detailed placement started.
replication start
Worst slack before Replication Place is 17369.
Wirelength after replication placement is 2898.
Legalized cost 17369.000000.
The detailed placement ends at 11th iteration.
Wirelength after detailed placement is 2943.
Timing-driven detailed placement takes 0.42 sec.

Worst slack is 17500, TNS after placement is 0.
Placement done.
Total placement takes 6.28 sec.
Finished placement. (CPU time elapsed 0h:00m:07s)

Routing started.
Building routing graph takes 5.16 sec.
Worst slack is 17500, TNS before global route is 0.
Processing design graph takes 1.02 sec.
Total memory for routing:
	216.087207 M.
Total nets for routing : 597.
Rcf routing step 1 processed 0 nets, it takes 0.00 sec.
Rcf routing step 2 processed 0 nets, it takes 0.00 sec.
Rcf routing step 3 processed 0 nets, it takes 0.00 sec.
Unrouted nets 4 at the end of iteration 0.
Unrouted nets 4 at the end of iteration 1.
Unrouted nets 4 at the end of iteration 2.
Unrouted nets 4 at the end of iteration 3.
Unrouted nets 4 at the end of iteration 4.
Unrouted nets 4 at the end of iteration 5.
Unrouted nets 4 at the end of iteration 6.
Unrouted nets 4 at the end of iteration 7.
Unrouted nets 4 at the end of iteration 8.
Unrouted nets 4 at the end of iteration 9.
Unrouted nets 4 at the end of iteration 10.
Unrouted nets 4 at the end of iteration 11.
Unrouted nets 4 at the end of iteration 12.
Unrouted nets 4 at the end of iteration 13.
Unrouted nets 4 at the end of iteration 14.
Unrouted nets 4 at the end of iteration 15.
Unrouted nets 4 at the end of iteration 16.
Unrouted nets 4 at the end of iteration 17.
Unrouted nets 4 at the end of iteration 18.
Unrouted nets 4 at the end of iteration 19.
Unrouted nets 4 at the end of iteration 20.
Unrouted nets 4 at the end of iteration 21.
Unrouted nets 4 at the end of iteration 22.
Unrouted nets 4 at the end of iteration 23.
Unrouted nets 4 at the end of iteration 24.
Unrouted nets 4 at the end of iteration 25.
Unrouted nets 4 at the end of iteration 26.
Unrouted nets 4 at the end of iteration 27.
Unrouted nets 4 at the end of iteration 28.
Unrouted nets 4 at the end of iteration 29.
Unrouted nets 4 at the end of iteration 30.
Unrouted nets 4 at the end of iteration 31.
Unrouted nets 4 at the end of iteration 32.
Unrouted nets 4 at the end of iteration 33.
Unrouted nets 4 at the end of iteration 34.
Unrouted nets 4 at the end of iteration 35.
Unrouted nets 4 at the end of iteration 36.
Unrouted nets 4 at the end of iteration 37.
Unrouted nets 4 at the end of iteration 38.
Unrouted nets 4 at the end of iteration 39.
Unrouted nets 4 at the end of iteration 40.
Unrouted nets 4 at the end of iteration 41.
Unrouted nets 4 at the end of iteration 42.
Unrouted nets 4 at the end of iteration 43.
Unrouted nets 4 at the end of iteration 44.
Unrouted nets 4 at the end of iteration 45.
Unrouted nets 4 at the end of iteration 46.
Unrouted nets 4 at the end of iteration 47.
Unrouted nets 4 at the end of iteration 48.
Unrouted nets 4 at the end of iteration 49.
Global Routing step 1 processed 84 nets, it takes 0.05 sec.
Unrouted nets 126 at the end of iteration 0.
Unrouted nets 88 at the end of iteration 1.
Unrouted nets 69 at the end of iteration 2.
Unrouted nets 50 at the end of iteration 3.
Unrouted nets 46 at the end of iteration 4.
Unrouted nets 30 at the end of iteration 5.
Unrouted nets 17 at the end of iteration 6.
Unrouted nets 14 at the end of iteration 7.
Unrouted nets 14 at the end of iteration 8.
Unrouted nets 12 at the end of iteration 9.
Unrouted nets 12 at the end of iteration 10.
Unrouted nets 10 at the end of iteration 11.
Unrouted nets 9 at the end of iteration 12.
Unrouted nets 4 at the end of iteration 13.
Unrouted nets 6 at the end of iteration 14.
Unrouted nets 3 at the end of iteration 15.
Unrouted nets 3 at the end of iteration 16.
Unrouted nets 5 at the end of iteration 17.
Unrouted nets 2 at the end of iteration 18.
Unrouted nets 2 at the end of iteration 19.
Unrouted nets 3 at the end of iteration 20.
Unrouted nets 1 at the end of iteration 21.
Unrouted nets 0 at the end of iteration 22.
Global Routing step 2 processed 185 nets, it takes 1.25 sec.
Global Routing step 3 processed 0 nets, it takes 0.00 sec.
Unrouted nets 9 at the end of iteration 0.
Unrouted nets 0 at the end of iteration 1.
Global Routing step 4 processed 23 nets, it takes 0.03 sec.
Global routing takes 1.63 sec.
Total 621 subnets.
    forward max bucket size 2954 , backward 156.
        Unrouted nets 119 at the end of iteration 0.
    route iteration 0, CPU time elapsed 0.031250 sec.
    forward max bucket size 91 , backward 156.
        Unrouted nets 75 at the end of iteration 1.
    route iteration 1, CPU time elapsed 0.015625 sec.
    forward max bucket size 32 , backward 163.
        Unrouted nets 35 at the end of iteration 2.
    route iteration 2, CPU time elapsed 0.015625 sec.
    forward max bucket size 52 , backward 130.
        Unrouted nets 24 at the end of iteration 3.
    route iteration 3, CPU time elapsed 0.000000 sec.
    forward max bucket size 54 , backward 282.
        Unrouted nets 13 at the end of iteration 4.
    route iteration 4, CPU time elapsed 0.000000 sec.
    forward max bucket size 54 , backward 279.
        Unrouted nets 6 at the end of iteration 5.
    route iteration 5, CPU time elapsed 0.000000 sec.
    forward max bucket size 2933 , backward 255.
        Unrouted nets 4 at the end of iteration 6.
    route iteration 6, CPU time elapsed 0.015625 sec.
    forward max bucket size 155 , backward 365.
        Unrouted nets 4 at the end of iteration 7.
    route iteration 7, CPU time elapsed 0.000000 sec.
    forward max bucket size 15 , backward 97.
        Unrouted nets 3 at the end of iteration 8.
    route iteration 8, CPU time elapsed 0.000000 sec.
    forward max bucket size 20 , backward 13.
        Unrouted nets 2 at the end of iteration 9.
    route iteration 9, CPU time elapsed 0.000000 sec.
    forward max bucket size 11 , backward 12.
        Unrouted nets 0 at the end of iteration 10.
    route iteration 10, CPU time elapsed 0.000000 sec.
Detailed routing takes 0.11 sec.
Start fix hold violation.
Build tmp routing results takes 0.02 sec.
Timing analysis takes 0.05 sec.
Hold violation fix iter 0 takes 0.02 sec.
Incremental timing analysis takes 0.03 sec.
Hold violation fix iter 1 takes 0.00 sec.
Fix hold violation Finished.
Hold Violation Fix in router takes 0.52 sec.

Dispose routing result:
    Collect routing result.
    Delete unused device instances.
    Annotate routing result.
    Change LUT configuration.
    Dispose misc instances.
    Annotate routing result again.
Finish routing takes 0.17 sec.
Used srb routing arc is 2756.
Cleanup routing takes 0.08 sec.
Routing done.
Total routing takes 9.91 sec.


Device Utilization Summary :
+-------------------------------------------------------------------------------+
| Logic Utilization           | Used     | Available     | Utilization(%)     
+-------------------------------------------------------------------------------+
| Use of ADC                  | 0        | 1             | 0                   
| Use of ANALOG               | 0        | 1             | 0                   
| Use of APM                  | 0        | 240           | 0                   
| Use of BKCL                 | 5        | 6             | 84                  
| Use of CCS                  | 1        | 1             | 100                 
| Use of CLMA                 | 54       | 11675         | 1                   
|   FF                        | 158      | 93400         | 1                   
|   LUT                       | 99       | 46700         | 1                   
|   LUT-FF pairs              | 70       | 46700         | 1                   
| Use of CLMS                 | 21       | 4975          | 1                   
|   FF                        | 69       | 39800         | 1                   
|   LUT                       | 65       | 19900         | 1                   
|   LUT-FF pairs              | 51       | 19900         | 1                   
|   Distributed RAM           | 0        | 19900         | 0                   
| Use of DDRPHY_CPD           | 0        | 12            | 0                   
| Use of DDRPHY_IOCLK_DIV     | 0        | 6             | 0                   
| Use of DDR_PHY              | 0        | 24            | 0                   
| Use of DRM                  | 0        | 155           | 0                   
| Use of GPLL                 | 1        | 6             | 17                  
| Use of GSEB                 | 0        | 218           | 0                   
| Use of HARD0                | 32       | 10550         | 1                   
| Use of HCKB                 | 4        | 96            | 5                   
| Use of HCKMUX_TEST          | 0        | 8             | 0                   
| Use of HSSTLP               | 0        | 2             | 0                   
| Use of IO                   | 65       | 300           | 22                  
|   IOBD                      | 30       | 144           | 21                  
|   IOBS                      | 35       | 156           | 23                  
| Use of IOCKB                | 0        | 24            | 0                   
| Use of IOCKMUX_TEST         | 0        | 6             | 0                   
| Use of IOLHR                | 64       | 300           | 22                  
| Use of KEYRAM               | 0        | 1             | 0                   
| Use of MFG_TEST             | 0        | 1             | 0                   
| Use of MRCKB                | 0        | 12            | 0                   
| Use of MRCKMUX_TEST         | 0        | 6             | 0                   
| Use of MRPOSTMUX_TEST       | 0        | 6             | 0                   
| Use of PCIE                 | 0        | 1             | 0                   
| Use of PCKMUX_TEST          | 0        | 12            | 0                   
| Use of PLLMRMUX_TEST        | 0        | 6             | 0                   
| Use of PLLREFMUX_TEST       | 0        | 6             | 0                   
| Use of PPLL                 | 0        | 6             | 0                   
| Use of PREGMUXC_TEST        | 0        | 4             | 0                   
| Use of PREGMUXLR_TEST       | 0        | 6             | 0                   
| Use of RCKB                 | 0        | 24            | 0                   
| Use of RCKMUX_TEST          | 0        | 6             | 0                   
| Use of SCANCHAIN            | 0        | 1             | 0                   
| Use of SCKMUX_TEST          | 0        | 12            | 0                   
| Use of SFB                  | 0        | 2225          | 0                   
| Use of SPAD                 | 0        | 8             | 0                   
| Use of TSERDES              | 0        | 48            | 0                   
| Use of USCM                 | 2        | 32            | 7                   
| Use of USCMMUX_TEST         | 0        | 32            | 0                   
+-------------------------------------------------------------------------------+

Finished routing. (CPU time elapsed 0h:00m:18s)
Design 'hdmi_loop' has been placed and routed successfully.
Saving design to DB.
Action pnr: Real time elapsed is 31.000 sec
Action pnr: CPU time elapsed is 27.922 sec
Current time: Thu Jul 28 16:34:36 2022
Action pnr: Peak memory pool usage is 991,854,592 bytes
Finished placement and routing. (CPU time elapsed 0h:00m:18s)
