#Build: Fabric Compiler 2021.1-SP7, Build 86875, Dec 07 11:14 2021
#Install: D:\pango\PDS_2021.1-SP7-ads\bin
#Application name: pds_shell.exe
#OS: Windows 10 10.0.19044
#Hostname: DESKTOP-N5UE933
Generated by Fabric Compiler (version 2021.1-SP7 build 86875) at Tue Nov  8 23:45:40 2022
Compiling verification operator library.
Compiling common defs.
Compiling prim grid devices.
Compiling gate devices.
Compiling gate operators.
Building architecture model.
Loading device packaging model.
I: Parameter configuration file D:/ZiGuang/Final/testparam.txt cannot open.
Starting placement and routing flow. (CPU time elapsed 0h:00m:00s)
Reading design from devmap DB.
Building architecture floorplan logic view.
Executing : apply_constraint -f D:/ZiGuang/Final/device_map/hdmi_loop.pcf
Executing : def_port hdmi_scl -LOC G21 -VCCIO 3.3 -IOSTANDARD LVCMOS33 -DRIVE 4
C: ConstraintEditor-2011: i2c_config_m0.i2c_scl_tri/opit_0 is lack of PAP_IO_SLEW, OUTPUT or INOUT PORT had better set PAP_IO_SLEW, the default value is FAST.
Executing : def_port hdmi_scl -LOC G21 -VCCIO 3.3 -IOSTANDARD LVCMOS33 -DRIVE 4 successfully.
Executing : def_port hdmi_sda -LOC J21 -VCCIO 3.3 -IOSTANDARD LVCMOS33 -DRIVE 4
C: ConstraintEditor-2011: i2c_config_m0.i2c_sda_tri/opit_0 is lack of PAP_IO_SLEW, OUTPUT or INOUT PORT had better set PAP_IO_SLEW, the default value is FAST.
Executing : def_port hdmi_sda -LOC J21 -VCCIO 3.3 -IOSTANDARD LVCMOS33 -DRIVE 4 successfully.
Executing : def_port hdmi_in_nreset -LOC J16 -VCCIO 3.3 -IOSTANDARD LVCMOS33 -DRIVE 4
C: ConstraintEditor-2011: hdmi_in_nreset_obuf/opit_0 is lack of PAP_IO_SLEW, OUTPUT or INOUT PORT had better set PAP_IO_SLEW, the default value is FAST.
Executing : def_port hdmi_in_nreset -LOC J16 -VCCIO 3.3 -IOSTANDARD LVCMOS33 -DRIVE 4 successfully.
Executing : def_port hdmi_nreset -LOC G26 -VCCIO 3.3 -IOSTANDARD LVCMOS33 -DRIVE 4
C: ConstraintEditor-2011: hdmi_nreset_obuf/opit_0 is lack of PAP_IO_SLEW, OUTPUT or INOUT PORT had better set PAP_IO_SLEW, the default value is FAST.
Executing : def_port hdmi_nreset -LOC G26 -VCCIO 3.3 -IOSTANDARD LVCMOS33 -DRIVE 4 successfully.
Executing : def_port {led[0]} -LOC H24 -VCCIO 3.3 -IOSTANDARD LVCMOS33 -DRIVE 4 -SLEW FAST
Executing : def_port {led[0]} -LOC H24 -VCCIO 3.3 -IOSTANDARD LVCMOS33 -DRIVE 4 -SLEW FAST successfully.
Executing : def_port {led[1]} -LOC J24 -VCCIO 3.3 -IOSTANDARD LVCMOS33 -DRIVE 4 -SLEW FAST
Executing : def_port {led[1]} -LOC J24 -VCCIO 3.3 -IOSTANDARD LVCMOS33 -DRIVE 4 -SLEW FAST successfully.
Executing : def_port vout_clk -LOC N19 -VCCIO 3.3 -IOSTANDARD LVCMOS33 -DRIVE 12
C: ConstraintEditor-2011: vout_clk_obuf/opit_0 is lack of PAP_IO_SLEW, OUTPUT or INOUT PORT had better set PAP_IO_SLEW, the default value is FAST.
Executing : def_port vout_clk -LOC N19 -VCCIO 3.3 -IOSTANDARD LVCMOS33 -DRIVE 12 successfully.
Executing : def_port {vout_data[0]} -LOC P16 -VCCIO 3.3 -IOSTANDARD LVCMOS33 -DRIVE 8
C: ConstraintEditor-2011: vout_data_obuf[0]/opit_0 is lack of PAP_IO_SLEW, OUTPUT or INOUT PORT had better set PAP_IO_SLEW, the default value is FAST.
Executing : def_port {vout_data[0]} -LOC P16 -VCCIO 3.3 -IOSTANDARD LVCMOS33 -DRIVE 8 successfully.
Executing : def_port {vout_data[1]} -LOC N21 -VCCIO 3.3 -IOSTANDARD LVCMOS33 -DRIVE 8
C: ConstraintEditor-2011: vout_data_obuf[1]/opit_0 is lack of PAP_IO_SLEW, OUTPUT or INOUT PORT had better set PAP_IO_SLEW, the default value is FAST.
Executing : def_port {vout_data[1]} -LOC N21 -VCCIO 3.3 -IOSTANDARD LVCMOS33 -DRIVE 8 successfully.
Executing : def_port {vout_data[2]} -LOC N22 -VCCIO 3.3 -IOSTANDARD LVCMOS33 -DRIVE 8
C: ConstraintEditor-2011: vout_data_obuf[2]/opit_0 is lack of PAP_IO_SLEW, OUTPUT or INOUT PORT had better set PAP_IO_SLEW, the default value is FAST.
Executing : def_port {vout_data[2]} -LOC N22 -VCCIO 3.3 -IOSTANDARD LVCMOS33 -DRIVE 8 successfully.
Executing : def_port {vout_data[3]} -LOC M24 -VCCIO 3.3 -IOSTANDARD LVCMOS33 -DRIVE 8
C: ConstraintEditor-2011: vout_data_obuf[3]/opit_0 is lack of PAP_IO_SLEW, OUTPUT or INOUT PORT had better set PAP_IO_SLEW, the default value is FAST.
Executing : def_port {vout_data[3]} -LOC M24 -VCCIO 3.3 -IOSTANDARD LVCMOS33 -DRIVE 8 successfully.
Executing : def_port {vout_data[4]} -LOC M25 -VCCIO 3.3 -IOSTANDARD LVCMOS33 -DRIVE 8
C: ConstraintEditor-2011: vout_data_obuf[4]/opit_0 is lack of PAP_IO_SLEW, OUTPUT or INOUT PORT had better set PAP_IO_SLEW, the default value is FAST.
Executing : def_port {vout_data[4]} -LOC M25 -VCCIO 3.3 -IOSTANDARD LVCMOS33 -DRIVE 8 successfully.
Executing : def_port {vout_data[5]} -LOC P19 -VCCIO 3.3 -IOSTANDARD LVCMOS33 -DRIVE 8
C: ConstraintEditor-2011: vout_data_obuf[5]/opit_0 is lack of PAP_IO_SLEW, OUTPUT or INOUT PORT had better set PAP_IO_SLEW, the default value is FAST.
Executing : def_port {vout_data[5]} -LOC P19 -VCCIO 3.3 -IOSTANDARD LVCMOS33 -DRIVE 8 successfully.
Executing : def_port {vout_data[6]} -LOC L20 -VCCIO 3.3 -IOSTANDARD LVCMOS33 -DRIVE 8
C: ConstraintEditor-2011: vout_data_obuf[6]/opit_0 is lack of PAP_IO_SLEW, OUTPUT or INOUT PORT had better set PAP_IO_SLEW, the default value is FAST.
Executing : def_port {vout_data[6]} -LOC L20 -VCCIO 3.3 -IOSTANDARD LVCMOS33 -DRIVE 8 successfully.
Executing : def_port {vout_data[7]} -LOC M20 -VCCIO 3.3 -IOSTANDARD LVCMOS33 -DRIVE 8
C: ConstraintEditor-2011: vout_data_obuf[7]/opit_0 is lack of PAP_IO_SLEW, OUTPUT or INOUT PORT had better set PAP_IO_SLEW, the default value is FAST.
Executing : def_port {vout_data[7]} -LOC M20 -VCCIO 3.3 -IOSTANDARD LVCMOS33 -DRIVE 8 successfully.
Executing : def_port {vout_data[8]} -LOC L22 -VCCIO 3.3 -IOSTANDARD LVCMOS33 -DRIVE 8
C: ConstraintEditor-2011: vout_data_obuf[8]/opit_0 is lack of PAP_IO_SLEW, OUTPUT or INOUT PORT had better set PAP_IO_SLEW, the default value is FAST.
Executing : def_port {vout_data[8]} -LOC L22 -VCCIO 3.3 -IOSTANDARD LVCMOS33 -DRIVE 8 successfully.
Executing : def_port {vout_data[9]} -LOC L23 -VCCIO 3.3 -IOSTANDARD LVCMOS33 -DRIVE 8
C: ConstraintEditor-2011: vout_data_obuf[9]/opit_0 is lack of PAP_IO_SLEW, OUTPUT or INOUT PORT had better set PAP_IO_SLEW, the default value is FAST.
Executing : def_port {vout_data[9]} -LOC L23 -VCCIO 3.3 -IOSTANDARD LVCMOS33 -DRIVE 8 successfully.
Executing : def_port {vout_data[10]} -LOC N18 -VCCIO 3.3 -IOSTANDARD LVCMOS33 -DRIVE 8
C: ConstraintEditor-2011: vout_data_obuf[10]/opit_0 is lack of PAP_IO_SLEW, OUTPUT or INOUT PORT had better set PAP_IO_SLEW, the default value is FAST.
Executing : def_port {vout_data[10]} -LOC N18 -VCCIO 3.3 -IOSTANDARD LVCMOS33 -DRIVE 8 successfully.
Executing : def_port {vout_data[11]} -LOC N24 -VCCIO 3.3 -IOSTANDARD LVCMOS33 -DRIVE 8
C: ConstraintEditor-2011: vout_data_obuf[11]/opit_0 is lack of PAP_IO_SLEW, OUTPUT or INOUT PORT had better set PAP_IO_SLEW, the default value is FAST.
Executing : def_port {vout_data[11]} -LOC N24 -VCCIO 3.3 -IOSTANDARD LVCMOS33 -DRIVE 8 successfully.
Executing : def_port {vout_data[12]} -LOC N23 -VCCIO 3.3 -IOSTANDARD LVCMOS33 -DRIVE 8
C: ConstraintEditor-2011: vout_data_obuf[12]/opit_0 is lack of PAP_IO_SLEW, OUTPUT or INOUT PORT had better set PAP_IO_SLEW, the default value is FAST.
Executing : def_port {vout_data[12]} -LOC N23 -VCCIO 3.3 -IOSTANDARD LVCMOS33 -DRIVE 8 successfully.
Executing : def_port {vout_data[13]} -LOC L24 -VCCIO 3.3 -IOSTANDARD LVCMOS33 -DRIVE 8
C: ConstraintEditor-2011: vout_data_obuf[13]/opit_0 is lack of PAP_IO_SLEW, OUTPUT or INOUT PORT had better set PAP_IO_SLEW, the default value is FAST.
Executing : def_port {vout_data[13]} -LOC L24 -VCCIO 3.3 -IOSTANDARD LVCMOS33 -DRIVE 8 successfully.
Executing : def_port {vout_data[14]} -LOC L25 -VCCIO 3.3 -IOSTANDARD LVCMOS33 -DRIVE 8
C: ConstraintEditor-2011: vout_data_obuf[14]/opit_0 is lack of PAP_IO_SLEW, OUTPUT or INOUT PORT had better set PAP_IO_SLEW, the default value is FAST.
Executing : def_port {vout_data[14]} -LOC L25 -VCCIO 3.3 -IOSTANDARD LVCMOS33 -DRIVE 8 successfully.
Executing : def_port {vout_data[15]} -LOC K25 -VCCIO 3.3 -IOSTANDARD LVCMOS33 -DRIVE 8
C: ConstraintEditor-2011: vout_data_obuf[15]/opit_0 is lack of PAP_IO_SLEW, OUTPUT or INOUT PORT had better set PAP_IO_SLEW, the default value is FAST.
Executing : def_port {vout_data[15]} -LOC K25 -VCCIO 3.3 -IOSTANDARD LVCMOS33 -DRIVE 8 successfully.
Executing : def_port {vout_data[16]} -LOC K26 -VCCIO 3.3 -IOSTANDARD LVCMOS33 -DRIVE 8
C: ConstraintEditor-2011: vout_data_obuf[16]/opit_0 is lack of PAP_IO_SLEW, OUTPUT or INOUT PORT had better set PAP_IO_SLEW, the default value is FAST.
Executing : def_port {vout_data[16]} -LOC K26 -VCCIO 3.3 -IOSTANDARD LVCMOS33 -DRIVE 8 successfully.
Executing : def_port {vout_data[17]} -LOC P26 -VCCIO 3.3 -IOSTANDARD LVCMOS33 -DRIVE 8
C: ConstraintEditor-2011: vout_data_obuf[17]/opit_0 is lack of PAP_IO_SLEW, OUTPUT or INOUT PORT had better set PAP_IO_SLEW, the default value is FAST.
Executing : def_port {vout_data[17]} -LOC P26 -VCCIO 3.3 -IOSTANDARD LVCMOS33 -DRIVE 8 successfully.
Executing : def_port {vout_data[18]} -LOC R26 -VCCIO 3.3 -IOSTANDARD LVCMOS33 -DRIVE 8
C: ConstraintEditor-2011: vout_data_obuf[18]/opit_0 is lack of PAP_IO_SLEW, OUTPUT or INOUT PORT had better set PAP_IO_SLEW, the default value is FAST.
Executing : def_port {vout_data[18]} -LOC R26 -VCCIO 3.3 -IOSTANDARD LVCMOS33 -DRIVE 8 successfully.
Executing : def_port {vout_data[19]} -LOC M26 -VCCIO 3.3 -IOSTANDARD LVCMOS33 -DRIVE 8
C: ConstraintEditor-2011: vout_data_obuf[19]/opit_0 is lack of PAP_IO_SLEW, OUTPUT or INOUT PORT had better set PAP_IO_SLEW, the default value is FAST.
Executing : def_port {vout_data[19]} -LOC M26 -VCCIO 3.3 -IOSTANDARD LVCMOS33 -DRIVE 8 successfully.
Executing : def_port {vout_data[20]} -LOC N26 -VCCIO 3.3 -IOSTANDARD LVCMOS33 -DRIVE 8
C: ConstraintEditor-2011: vout_data_obuf[20]/opit_0 is lack of PAP_IO_SLEW, OUTPUT or INOUT PORT had better set PAP_IO_SLEW, the default value is FAST.
Executing : def_port {vout_data[20]} -LOC N26 -VCCIO 3.3 -IOSTANDARD LVCMOS33 -DRIVE 8 successfully.
Executing : def_port {vout_data[21]} -LOC M22 -VCCIO 3.3 -IOSTANDARD LVCMOS33 -DRIVE 8
C: ConstraintEditor-2011: vout_data_obuf[21]/opit_0 is lack of PAP_IO_SLEW, OUTPUT or INOUT PORT had better set PAP_IO_SLEW, the default value is FAST.
Executing : def_port {vout_data[21]} -LOC M22 -VCCIO 3.3 -IOSTANDARD LVCMOS33 -DRIVE 8 successfully.
Executing : def_port {vout_data[22]} -LOC M21 -VCCIO 3.3 -IOSTANDARD LVCMOS33 -DRIVE 8
C: ConstraintEditor-2011: vout_data_obuf[22]/opit_0 is lack of PAP_IO_SLEW, OUTPUT or INOUT PORT had better set PAP_IO_SLEW, the default value is FAST.
Executing : def_port {vout_data[22]} -LOC M21 -VCCIO 3.3 -IOSTANDARD LVCMOS33 -DRIVE 8 successfully.
Executing : def_port {vout_data[23]} -LOC P21 -VCCIO 3.3 -IOSTANDARD LVCMOS33 -DRIVE 8
C: ConstraintEditor-2011: vout_data_obuf[23]/opit_0 is lack of PAP_IO_SLEW, OUTPUT or INOUT PORT had better set PAP_IO_SLEW, the default value is FAST.
Executing : def_port {vout_data[23]} -LOC P21 -VCCIO 3.3 -IOSTANDARD LVCMOS33 -DRIVE 8 successfully.
Executing : def_port vout_de -LOC P15 -VCCIO 3.3 -IOSTANDARD LVCMOS33 -DRIVE 8
C: ConstraintEditor-2011: vout_de_obuf/opit_0 is lack of PAP_IO_SLEW, OUTPUT or INOUT PORT had better set PAP_IO_SLEW, the default value is FAST.
Executing : def_port vout_de -LOC P15 -VCCIO 3.3 -IOSTANDARD LVCMOS33 -DRIVE 8 successfully.
Executing : def_port vout_hs -LOC AB25 -VCCIO 3.3 -IOSTANDARD LVCMOS33 -DRIVE 8
C: ConstraintEditor-2011: vout_hs_obuf/opit_0 is lack of PAP_IO_SLEW, OUTPUT or INOUT PORT had better set PAP_IO_SLEW, the default value is FAST.
Executing : def_port vout_hs -LOC AB25 -VCCIO 3.3 -IOSTANDARD LVCMOS33 -DRIVE 8 successfully.
Executing : def_port vout_vs -LOC AA24 -VCCIO 3.3 -IOSTANDARD LVCMOS33 -DRIVE 8
C: ConstraintEditor-2011: vout_vs_obuf/opit_0 is lack of PAP_IO_SLEW, OUTPUT or INOUT PORT had better set PAP_IO_SLEW, the default value is FAST.
Executing : def_port vout_vs -LOC AA24 -VCCIO 3.3 -IOSTANDARD LVCMOS33 -DRIVE 8 successfully.
Executing : def_port ws -LOC V26 -VCCIO 3.3 -IOSTANDARD LVCMOS33 -DRIVE 4 -SLEW FAST
Executing : def_port ws -LOC V26 -VCCIO 3.3 -IOSTANDARD LVCMOS33 -DRIVE 4 -SLEW FAST successfully.
Executing : def_port ws_B -LOC W25 -VCCIO 3.3 -IOSTANDARD LVCMOS33 -DRIVE 4 -SLEW FAST
Executing : def_port ws_B -LOC W25 -VCCIO 3.3 -IOSTANDARD LVCMOS33 -DRIVE 4 -SLEW FAST successfully.
Executing : def_port rst_n -LOC E22 -VCCIO 3.3 -IOSTANDARD LVCMOS33
Executing : def_port rst_n -LOC E22 -VCCIO 3.3 -IOSTANDARD LVCMOS33 successfully.
Executing : def_port sys_clk_n -LOC P3 -VCCIO 1.5 -IOSTANDARD SSTL15D_I
Executing : def_port sys_clk_n -LOC P3 -VCCIO 1.5 -IOSTANDARD SSTL15D_I successfully.
Executing : def_port sys_clk_p -LOC R3 -VCCIO 1.5 -IOSTANDARD SSTL15D_I
Executing : def_port sys_clk_p -LOC R3 -VCCIO 1.5 -IOSTANDARD SSTL15D_I successfully.
Executing : def_port vin_clk -LOC H21 -VCCIO 3.3 -IOSTANDARD LVCMOS33
Executing : def_port vin_clk -LOC H21 -VCCIO 3.3 -IOSTANDARD LVCMOS33 successfully.
Executing : def_port {vin_data[0]} -LOC F24 -VCCIO 3.3 -IOSTANDARD LVCMOS33
C: ConstraintEditor-2002: [D:/ZiGuang/Final/device_map/hdmi_loop.pcf(line number: 43)] | Port vin_data[0] has been placed at location F24, whose type is share pin.
Executing : def_port {vin_data[0]} -LOC F24 -VCCIO 3.3 -IOSTANDARD LVCMOS33 successfully.
Executing : def_port {vin_data[1]} -LOC G24 -VCCIO 3.3 -IOSTANDARD LVCMOS33
C: ConstraintEditor-2002: [D:/ZiGuang/Final/device_map/hdmi_loop.pcf(line number: 44)] | Port vin_data[1] has been placed at location G24, whose type is share pin.
Executing : def_port {vin_data[1]} -LOC G24 -VCCIO 3.3 -IOSTANDARD LVCMOS33 successfully.
Executing : def_port {vin_data[2]} -LOC H23 -VCCIO 3.3 -IOSTANDARD LVCMOS33
Executing : def_port {vin_data[2]} -LOC H23 -VCCIO 3.3 -IOSTANDARD LVCMOS33 successfully.
Executing : def_port {vin_data[3]} -LOC J23 -VCCIO 3.3 -IOSTANDARD LVCMOS33
Executing : def_port {vin_data[3]} -LOC J23 -VCCIO 3.3 -IOSTANDARD LVCMOS33 successfully.
Executing : def_port {vin_data[4]} -LOC H22 -VCCIO 3.3 -IOSTANDARD LVCMOS33
Executing : def_port {vin_data[4]} -LOC H22 -VCCIO 3.3 -IOSTANDARD LVCMOS33 successfully.
Executing : def_port {vin_data[5]} -LOC F23 -VCCIO 3.3 -IOSTANDARD LVCMOS33
C: ConstraintEditor-2002: [D:/ZiGuang/Final/device_map/hdmi_loop.pcf(line number: 48)] | Port vin_data[5] has been placed at location F23, whose type is share pin.
Executing : def_port {vin_data[5]} -LOC F23 -VCCIO 3.3 -IOSTANDARD LVCMOS33 successfully.
Executing : def_port {vin_data[6]} -LOC E23 -VCCIO 3.3 -IOSTANDARD LVCMOS33
C: ConstraintEditor-2002: [D:/ZiGuang/Final/device_map/hdmi_loop.pcf(line number: 49)] | Port vin_data[6] has been placed at location E23, whose type is share pin.
Executing : def_port {vin_data[6]} -LOC E23 -VCCIO 3.3 -IOSTANDARD LVCMOS33 successfully.
Executing : def_port {vin_data[7]} -LOC M16 -VCCIO 3.3 -IOSTANDARD LVCMOS33
Executing : def_port {vin_data[7]} -LOC M16 -VCCIO 3.3 -IOSTANDARD LVCMOS33 successfully.
Executing : def_port {vin_data[8]} -LOC M17 -VCCIO 3.3 -IOSTANDARD LVCMOS33
Executing : def_port {vin_data[8]} -LOC M17 -VCCIO 3.3 -IOSTANDARD LVCMOS33 successfully.
Executing : def_port {vin_data[9]} -LOC K17 -VCCIO 3.3 -IOSTANDARD LVCMOS33
C: ConstraintEditor-2002: [D:/ZiGuang/Final/device_map/hdmi_loop.pcf(line number: 52)] | Port vin_data[9] has been placed at location K17, whose type is share pin.
Executing : def_port {vin_data[9]} -LOC K17 -VCCIO 3.3 -IOSTANDARD LVCMOS33 successfully.
Executing : def_port {vin_data[10]} -LOC K16 -VCCIO 3.3 -IOSTANDARD LVCMOS33
C: ConstraintEditor-2002: [D:/ZiGuang/Final/device_map/hdmi_loop.pcf(line number: 53)] | Port vin_data[10] has been placed at location K16, whose type is share pin.
Executing : def_port {vin_data[10]} -LOC K16 -VCCIO 3.3 -IOSTANDARD LVCMOS33 successfully.
Executing : def_port {vin_data[11]} -LOC E26 -VCCIO 3.3 -IOSTANDARD LVCMOS33
Executing : def_port {vin_data[11]} -LOC E26 -VCCIO 3.3 -IOSTANDARD LVCMOS33 successfully.
Executing : def_port {vin_data[12]} -LOC D26 -VCCIO 3.3 -IOSTANDARD LVCMOS33
C: ConstraintEditor-2002: [D:/ZiGuang/Final/device_map/hdmi_loop.pcf(line number: 55)] | Port vin_data[12] has been placed at location D26, whose type is share pin.
Executing : def_port {vin_data[12]} -LOC D26 -VCCIO 3.3 -IOSTANDARD LVCMOS33 successfully.
Executing : def_port {vin_data[13]} -LOC E25 -VCCIO 3.3 -IOSTANDARD LVCMOS33
C: ConstraintEditor-2002: [D:/ZiGuang/Final/device_map/hdmi_loop.pcf(line number: 56)] | Port vin_data[13] has been placed at location E25, whose type is share pin.
Executing : def_port {vin_data[13]} -LOC E25 -VCCIO 3.3 -IOSTANDARD LVCMOS33 successfully.
Executing : def_port {vin_data[14]} -LOC D25 -VCCIO 3.3 -IOSTANDARD LVCMOS33
C: ConstraintEditor-2002: [D:/ZiGuang/Final/device_map/hdmi_loop.pcf(line number: 57)] | Port vin_data[14] has been placed at location D25, whose type is share pin.
Executing : def_port {vin_data[14]} -LOC D25 -VCCIO 3.3 -IOSTANDARD LVCMOS33 successfully.
Executing : def_port {vin_data[15]} -LOC G25 -VCCIO 3.3 -IOSTANDARD LVCMOS33
C: ConstraintEditor-2002: [D:/ZiGuang/Final/device_map/hdmi_loop.pcf(line number: 58)] | Port vin_data[15] has been placed at location G25, whose type is share pin.
Executing : def_port {vin_data[15]} -LOC G25 -VCCIO 3.3 -IOSTANDARD LVCMOS33 successfully.
Executing : def_port {vin_data[16]} -LOC K18 -VCCIO 3.3 -IOSTANDARD LVCMOS33
Executing : def_port {vin_data[16]} -LOC K18 -VCCIO 3.3 -IOSTANDARD LVCMOS33 successfully.
Executing : def_port {vin_data[17]} -LOC J14 -VCCIO 3.3 -IOSTANDARD LVCMOS33
C: ConstraintEditor-2002: [D:/ZiGuang/Final/device_map/hdmi_loop.pcf(line number: 60)] | Port vin_data[17] has been placed at location J14, whose type is share pin.
Executing : def_port {vin_data[17]} -LOC J14 -VCCIO 3.3 -IOSTANDARD LVCMOS33 successfully.
Executing : def_port {vin_data[18]} -LOC J15 -VCCIO 3.3 -IOSTANDARD LVCMOS33
C: ConstraintEditor-2002: [D:/ZiGuang/Final/device_map/hdmi_loop.pcf(line number: 61)] | Port vin_data[18] has been placed at location J15, whose type is share pin.
Executing : def_port {vin_data[18]} -LOC J15 -VCCIO 3.3 -IOSTANDARD LVCMOS33 successfully.
Executing : def_port {vin_data[19]} -LOC J18 -VCCIO 3.3 -IOSTANDARD LVCMOS33
C: ConstraintEditor-2002: [D:/ZiGuang/Final/device_map/hdmi_loop.pcf(line number: 62)] | Port vin_data[19] has been placed at location J18, whose type is share pin.
Executing : def_port {vin_data[19]} -LOC J18 -VCCIO 3.3 -IOSTANDARD LVCMOS33 successfully.
Executing : def_port {vin_data[20]} -LOC H18 -VCCIO 3.3 -IOSTANDARD LVCMOS33
C: ConstraintEditor-2002: [D:/ZiGuang/Final/device_map/hdmi_loop.pcf(line number: 63)] | Port vin_data[20] has been placed at location H18, whose type is share pin.
Executing : def_port {vin_data[20]} -LOC H18 -VCCIO 3.3 -IOSTANDARD LVCMOS33 successfully.
Executing : def_port {vin_data[21]} -LOC H19 -VCCIO 3.3 -IOSTANDARD LVCMOS33
C: ConstraintEditor-2002: [D:/ZiGuang/Final/device_map/hdmi_loop.pcf(line number: 64)] | Port vin_data[21] has been placed at location H19, whose type is share pin.
Executing : def_port {vin_data[21]} -LOC H19 -VCCIO 3.3 -IOSTANDARD LVCMOS33 successfully.
Executing : def_port {vin_data[22]} -LOC J19 -VCCIO 3.3 -IOSTANDARD LVCMOS33
C: ConstraintEditor-2002: [D:/ZiGuang/Final/device_map/hdmi_loop.pcf(line number: 65)] | Port vin_data[22] has been placed at location J19, whose type is share pin.
Executing : def_port {vin_data[22]} -LOC J19 -VCCIO 3.3 -IOSTANDARD LVCMOS33 successfully.
Executing : def_port {vin_data[23]} -LOC K15 -VCCIO 3.3 -IOSTANDARD LVCMOS33
C: ConstraintEditor-2002: [D:/ZiGuang/Final/device_map/hdmi_loop.pcf(line number: 66)] | Port vin_data[23] has been placed at location K15, whose type is share pin.
Executing : def_port {vin_data[23]} -LOC K15 -VCCIO 3.3 -IOSTANDARD LVCMOS33 successfully.
Executing : def_port vin_de -LOC F22 -VCCIO 3.3 -IOSTANDARD LVCMOS33
C: ConstraintEditor-2002: [D:/ZiGuang/Final/device_map/hdmi_loop.pcf(line number: 67)] | Port vin_de has been placed at location F22, whose type is share pin.
Executing : def_port vin_de -LOC F22 -VCCIO 3.3 -IOSTANDARD LVCMOS33 successfully.
Executing : def_port vin_hs -LOC G22 -VCCIO 3.3 -IOSTANDARD LVCMOS33
Executing : def_port vin_hs -LOC G22 -VCCIO 3.3 -IOSTANDARD LVCMOS33 successfully.
Executing : def_port vin_vs -LOC H26 -VCCIO 3.3 -IOSTANDARD LVCMOS33
C: ConstraintEditor-2002: [D:/ZiGuang/Final/device_map/hdmi_loop.pcf(line number: 69)] | Port vin_vs has been placed at location H26, whose type is share pin.
Executing : def_port vin_vs -LOC H26 -VCCIO 3.3 -IOSTANDARD LVCMOS33 successfully.
Executing : apply_constraint -f D:/ZiGuang/Final/device_map/hdmi_loop.pcf successfully.

Placement started.
Pre global placement started.
Mapping instance u_CORES/u_GTP_SCANCHAIN_PG/scanchain to SCANCHAIN_88_312.
Mapping instance GRS_INST/grs_ccs to CCS_87_316.
Mapping instance clkbufg_6/gopclkbufg to USCM_215_624.
Mapping instance clkbufg_4/gopclkbufg to USCM_215_576.
C: Place-2028: GLOBAL_CLOCK: the driver u_CORES/u_GTP_SCANCHAIN_PG/scanchain fixed at SCANCHAIN_88_312 is unreasonable. Sub-optimal placement for a clock source and a clock buffer.
Mapping instance clkbufg_5/gopclkbufg to USCM_215_669.
C: Place-2028: GLOBAL_CLOCK: the driver u_CORES/u_GTP_SCANCHAIN_PG/scanchain fixed at SCANCHAIN_88_312 is unreasonable. Sub-optimal placement for a clock source and a clock buffer.
Mapping instance clkbufg_3/gopclkbufg to USCM_215_666.
Pre global placement takes 16.59 sec.

Global placement started.
Run super clustering :
	Initial slack -1515.
	1 iterations finished.
	Final slack -1515.
Super clustering done.
Design Utilization : 17%.
Wirelength after global placement is 75222.
Global placement takes 11.66 sec.

Post global placement started.
Placed fixed group with base inst hdmi_in_nreset_obuf/opit_1 on IOLHR_16_900.
Placed fixed group with base inst hdmi_nreset_obuf/opit_1 on IOLHR_16_642.
Placed fixed group with base inst i2c_config_m0.i2c_scl_tri/opit_1 on IOLHR_16_780.
Placed fixed group with base inst i2c_config_m0.i2c_sda_tri/opit_1 on IOLHR_16_768.
Placed fixed group with base inst led_obuf[0]/opit_1 on IOLHR_16_714.
Placed fixed group with base inst led_obuf[1]/opit_1 on IOLHR_16_720.
Placed fixed group with base inst rst_n_ibuf/opit_1 on IOLHR_16_918.
Placed fixed group with base inst sys_clk_ibufgds/opit_2 on IOLHR_364_450.
Placed fixed group with base inst vin_clk_ibuf/opit_1 on IOLHR_16_756.
Placed fixed group with base inst vin_data_ibuf[0]/opit_1 on IOLHR_16_678.
Placed fixed group with base inst vin_data_ibuf[1]/opit_1 on IOLHR_16_684.
Placed fixed group with base inst vin_data_ibuf[2]/opit_1 on IOLHR_16_738.
Placed fixed group with base inst vin_data_ibuf[3]/opit_1 on IOLHR_16_744.
Placed fixed group with base inst vin_data_ibuf[4]/opit_1 on IOLHR_16_750.
Placed fixed group with base inst vin_data_ibuf[5]/opit_1 on IOLHR_16_708.
Placed fixed group with base inst vin_data_ibuf[6]/opit_1 on IOLHR_16_702.
Placed fixed group with base inst vin_data_ibuf[7]/opit_1 on IOLHR_16_846.
Placed fixed group with base inst vin_data_ibuf[8]/opit_1 on IOLHR_16_840.
Placed fixed group with base inst vin_data_ibuf[9]/opit_1 on IOLHR_16_876.
Placed fixed group with base inst vin_data_ibuf[10]/opit_1 on IOLHR_16_882.
Placed fixed group with base inst vin_data_ibuf[11]/opit_1 on IOLHR_16_660.
Placed fixed group with base inst vin_data_ibuf[12]/opit_1 on IOLHR_16_654.
Placed fixed group with base inst vin_data_ibuf[13]/opit_1 on IOLHR_16_672.
Placed fixed group with base inst vin_data_ibuf[14]/opit_1 on IOLHR_16_666.
Placed fixed group with base inst vin_data_ibuf[15]/opit_1 on IOLHR_16_636.
Placed fixed group with base inst vin_data_ibuf[16]/opit_1 on IOLHR_16_912.
Placed fixed group with base inst vin_data_ibuf[17]/opit_1 on IOLHR_16_894.
Placed fixed group with base inst vin_data_ibuf[18]/opit_1 on IOLHR_16_888.
Placed fixed group with base inst vin_data_ibuf[19]/opit_1 on IOLHR_16_798.
Placed fixed group with base inst vin_data_ibuf[20]/opit_1 on IOLHR_16_792.
Placed fixed group with base inst vin_data_ibuf[21]/opit_1 on IOLHR_16_828.
Placed fixed group with base inst vin_data_ibuf[22]/opit_1 on IOLHR_16_834.
Placed fixed group with base inst vin_data_ibuf[23]/opit_1 on IOLHR_16_906.
Placed fixed group with base inst vin_de_ibuf/opit_1 on IOLHR_16_726.
Placed fixed group with base inst vin_hs_ibuf/opit_1 on IOLHR_16_732.
Placed fixed group with base inst vin_vs_ibuf/opit_1 on IOLHR_16_648.
Placed fixed group with base inst vout_clk_obuf/opit_1 on IOLHR_16_408.
Placed fixed group with base inst vout_data_obuf[0]/opit_1 on IOLHR_16_570.
Placed fixed group with base inst vout_data_obuf[1]/opit_1 on IOLHR_16_450.
Placed fixed group with base inst vout_data_obuf[2]/opit_1 on IOLHR_16_444.
Placed fixed group with base inst vout_data_obuf[3]/opit_1 on IOLHR_16_492.
Placed fixed group with base inst vout_data_obuf[4]/opit_1 on IOLHR_16_486.
Placed fixed group with base inst vout_data_obuf[5]/opit_1 on IOLHR_16_414.
Placed fixed group with base inst vout_data_obuf[6]/opit_1 on IOLHR_16_510.
Placed fixed group with base inst vout_data_obuf[7]/opit_1 on IOLHR_16_516.
Placed fixed group with base inst vout_data_obuf[8]/opit_1 on IOLHR_16_480.
Placed fixed group with base inst vout_data_obuf[9]/opit_1 on IOLHR_16_474.
Placed fixed group with base inst vout_data_obuf[10]/opit_1 on IOLHR_16_534.
Placed fixed group with base inst vout_data_obuf[11]/opit_1 on IOLHR_16_420.
Placed fixed group with base inst vout_data_obuf[12]/opit_1 on IOLHR_16_426.
Placed fixed group with base inst vout_data_obuf[13]/opit_1 on IOLHR_16_504.
Placed fixed group with base inst vout_data_obuf[14]/opit_1 on IOLHR_16_498.
Placed fixed group with base inst vout_data_obuf[15]/opit_1 on IOLHR_16_528.
Placed fixed group with base inst vout_data_obuf[16]/opit_1 on IOLHR_16_522.
Placed fixed group with base inst vout_data_obuf[17]/opit_1 on IOLHR_16_336.
Placed fixed group with base inst vout_data_obuf[18]/opit_1 on IOLHR_16_342.
Placed fixed group with base inst vout_data_obuf[19]/opit_1 on IOLHR_16_360.
Placed fixed group with base inst vout_data_obuf[20]/opit_1 on IOLHR_16_366.
Placed fixed group with base inst vout_data_obuf[21]/opit_1 on IOLHR_16_462.
Placed fixed group with base inst vout_data_obuf[22]/opit_1 on IOLHR_16_468.
Placed fixed group with base inst vout_data_obuf[23]/opit_1 on IOLHR_16_432.
Placed fixed group with base inst vout_de_obuf/opit_1 on IOLHR_16_576.
Placed fixed group with base inst vout_hs_obuf/opit_1 on IOLHR_16_216.
Placed fixed group with base inst vout_vs_obuf/opit_1 on IOLHR_16_222.
Placed fixed group with base inst ws_B_obuf/opit_1 on IOLHR_16_258.
Placed fixed group with base inst ws_obuf/opit_1 on IOLHR_16_282.
Placed fixed instance GRS_INST/grs_ccs on CCS_87_316.
Placed fixed instance clkbufg_3/gopclkbufg on USCM_215_666.
Placed fixed instance clkbufg_4/gopclkbufg on USCM_215_576.
Placed fixed instance clkbufg_5/gopclkbufg on USCM_215_669.
Placed fixed instance clkbufg_6/gopclkbufg on USCM_215_624.
Placed fixed instance u_CORES/u_GTP_SCANCHAIN_PG/scanchain on SCANCHAIN_88_312.
Placed fixed instance BKCL_auto_0 on BKCL_1_952.
Placed fixed instance BKCL_auto_1 on BKCL_1_646.
Placed fixed instance BKCL_auto_2 on BKCL_1_340.
Placed fixed instance BKCL_auto_3 on BKCL_1_34.
Placed fixed instance BKCL_auto_4 on BKCL_373_340.
IO placement started.
IO placement takes 0.09 sec.

I: LUT6D pack result: There are 7354 LUT6 in collection, pack success:41
Macro cell placement started.
Wirelength after Macro cell placement is 78984.
Macro cell placement takes 0.02 sec.

Run super clustering :
	Initial slack -1515.
	1 iterations finished.
	Final slack -1515.
Super clustering done.
Design Utilization : 17%.
Wirelength after post global placement is 70999.
I: LUT6D pack result: There are 7272 LUT6 in collection, pack success:3
Post global placement takes 22.61 sec.

Legalization started.
Wirelength after legalization is 88092.
Legalization takes 2.41 sec.

Timing-driven detailed placement started.
replication start
Worst slack before Replication Place is 1681.
Wirelength after replication placement is 88092.
Legalized cost 1681.000000.
The detailed placement ends at 11th iteration.
Wirelength after detailed placement is 89138.
Timing-driven detailed placement takes 11.06 sec.

Worst slack is 2011, TNS after placement is 0.
Placement done.
Total placement takes 67.20 sec.
Finished placement. (CPU time elapsed 0h:01m:08s)

Routing started.
Building routing graph takes 7.28 sec.
Worst slack is 2011, TNS before global route is 0.
Processing design graph takes 2.08 sec.
Total memory for routing:
	228.778663 M.
Total nets for routing : 12982.
Rcf routing step 1 processed 0 nets, it takes 0.00 sec.
Rcf routing step 2 processed 0 nets, it takes 0.00 sec.
Rcf routing step 3 processed 0 nets, it takes 0.00 sec.
Unrouted nets 0 at the end of iteration 0.
Global Routing step 1 processed 36 nets, it takes 0.05 sec.
Unrouted nets 226 at the end of iteration 0.
Unrouted nets 120 at the end of iteration 1.
Unrouted nets 92 at the end of iteration 2.
Unrouted nets 63 at the end of iteration 3.
Unrouted nets 46 at the end of iteration 4.
Unrouted nets 39 at the end of iteration 5.
Unrouted nets 35 at the end of iteration 6.
Unrouted nets 30 at the end of iteration 7.
Unrouted nets 28 at the end of iteration 8.
Unrouted nets 26 at the end of iteration 9.
Unrouted nets 20 at the end of iteration 10.
Unrouted nets 19 at the end of iteration 11.
Unrouted nets 15 at the end of iteration 12.
Unrouted nets 14 at the end of iteration 13.
Unrouted nets 13 at the end of iteration 14.
Unrouted nets 17 at the end of iteration 15.
Unrouted nets 17 at the end of iteration 16.
Unrouted nets 17 at the end of iteration 17.
Unrouted nets 12 at the end of iteration 18.
Unrouted nets 11 at the end of iteration 19.
Unrouted nets 9 at the end of iteration 20.
Unrouted nets 7 at the end of iteration 21.
Unrouted nets 5 at the end of iteration 22.
Unrouted nets 5 at the end of iteration 23.
Unrouted nets 6 at the end of iteration 24.
Unrouted nets 5 at the end of iteration 25.
Unrouted nets 4 at the end of iteration 26.
Unrouted nets 4 at the end of iteration 27.
Unrouted nets 4 at the end of iteration 28.
Unrouted nets 4 at the end of iteration 29.
Unrouted nets 3 at the end of iteration 30.
Unrouted nets 2 at the end of iteration 31.
Unrouted nets 2 at the end of iteration 32.
Unrouted nets 2 at the end of iteration 33.
Unrouted nets 2 at the end of iteration 34.
Unrouted nets 3 at the end of iteration 35.
Unrouted nets 3 at the end of iteration 36.
Unrouted nets 3 at the end of iteration 37.
Unrouted nets 2 at the end of iteration 38.
Unrouted nets 0 at the end of iteration 39.
Global Routing step 2 processed 408 nets, it takes 2.75 sec.
Unrouted nets 12 at the end of iteration 0.
Unrouted nets 0 at the end of iteration 1.
Global Routing step 3 processed 30 nets, it takes 0.30 sec.
Unrouted nets 213 at the end of iteration 0.
Unrouted nets 71 at the end of iteration 1.
Unrouted nets 23 at the end of iteration 2.
Unrouted nets 10 at the end of iteration 3.
Unrouted nets 5 at the end of iteration 4.
Unrouted nets 4 at the end of iteration 5.
Unrouted nets 0 at the end of iteration 6.
Global Routing step 4 processed 453 nets, it takes 1.28 sec.
Global routing takes 4.78 sec.
Total 15019 subnets.
    forward max bucket size 19045 , backward 280.
        Unrouted nets 10394 at the end of iteration 0.
    route iteration 0, CPU time elapsed 7.359375 sec.
    forward max bucket size 182 , backward 292.
        Unrouted nets 8456 at the end of iteration 1.
    route iteration 1, CPU time elapsed 7.125000 sec.
    forward max bucket size 213 , backward 289.
        Unrouted nets 6785 at the end of iteration 2.
    route iteration 2, CPU time elapsed 7.078125 sec.
    forward max bucket size 18408 , backward 288.
        Unrouted nets 6916 at the end of iteration 3.
    route iteration 3, CPU time elapsed 5.187500 sec.
    forward max bucket size 18303 , backward 282.
        Unrouted nets 6264 at the end of iteration 4.
    route iteration 4, CPU time elapsed 4.359375 sec.
    forward max bucket size 31701 , backward 243.
        Unrouted nets 5494 at the end of iteration 5.
    route iteration 5, CPU time elapsed 3.828125 sec.
    forward max bucket size 31950 , backward 361.
        Unrouted nets 4660 at the end of iteration 6.
    route iteration 6, CPU time elapsed 3.250000 sec.
    forward max bucket size 169 , backward 141.
        Unrouted nets 3946 at the end of iteration 7.
    route iteration 7, CPU time elapsed 2.328125 sec.
    forward max bucket size 206 , backward 197.
        Unrouted nets 3164 at the end of iteration 8.
    route iteration 8, CPU time elapsed 1.843750 sec.
    forward max bucket size 157 , backward 137.
        Unrouted nets 2566 at the end of iteration 9.
    route iteration 9, CPU time elapsed 1.359375 sec.
    forward max bucket size 168 , backward 104.
        Unrouted nets 2139 at the end of iteration 10.
    route iteration 10, CPU time elapsed 1.046875 sec.
    forward max bucket size 142 , backward 127.
        Unrouted nets 1696 at the end of iteration 11.
    route iteration 11, CPU time elapsed 0.875000 sec.
    forward max bucket size 181 , backward 71.
        Unrouted nets 1419 at the end of iteration 12.
    route iteration 12, CPU time elapsed 0.859375 sec.
    forward max bucket size 136 , backward 71.
        Unrouted nets 1206 at the end of iteration 13.
    route iteration 13, CPU time elapsed 0.718750 sec.
    forward max bucket size 110 , backward 77.
        Unrouted nets 879 at the end of iteration 14.
    route iteration 14, CPU time elapsed 0.546875 sec.
    forward max bucket size 118 , backward 90.
        Unrouted nets 679 at the end of iteration 15.
    route iteration 15, CPU time elapsed 0.406250 sec.
    forward max bucket size 181 , backward 89.
        Unrouted nets 549 at the end of iteration 16.
    route iteration 16, CPU time elapsed 0.343750 sec.
    forward max bucket size 174 , backward 136.
        Unrouted nets 469 at the end of iteration 17.
    route iteration 17, CPU time elapsed 0.281250 sec.
    forward max bucket size 303 , backward 215.
        Unrouted nets 355 at the end of iteration 18.
    route iteration 18, CPU time elapsed 0.250000 sec.
    forward max bucket size 178 , backward 71.
        Unrouted nets 271 at the end of iteration 19.
    route iteration 19, CPU time elapsed 0.203125 sec.
    forward max bucket size 142 , backward 54.
        Unrouted nets 234 at the end of iteration 20.
    route iteration 20, CPU time elapsed 0.187500 sec.
    forward max bucket size 91 , backward 90.
        Unrouted nets 173 at the end of iteration 21.
    route iteration 21, CPU time elapsed 0.156250 sec.
    forward max bucket size 162 , backward 121.
        Unrouted nets 143 at the end of iteration 22.
    route iteration 22, CPU time elapsed 0.140625 sec.
    forward max bucket size 94 , backward 55.
        Unrouted nets 134 at the end of iteration 23.
    route iteration 23, CPU time elapsed 0.140625 sec.
    forward max bucket size 67 , backward 90.
        Unrouted nets 111 at the end of iteration 24.
    route iteration 24, CPU time elapsed 0.125000 sec.
    forward max bucket size 60 , backward 27.
        Unrouted nets 63 at the end of iteration 25.
    route iteration 25, CPU time elapsed 0.109375 sec.
    forward max bucket size 71 , backward 152.
        Unrouted nets 51 at the end of iteration 26.
    route iteration 26, CPU time elapsed 0.093750 sec.
    forward max bucket size 162 , backward 21.
        Unrouted nets 42 at the end of iteration 27.
    route iteration 27, CPU time elapsed 0.109375 sec.
    forward max bucket size 117 , backward 44.
        Unrouted nets 39 at the end of iteration 28.
    route iteration 28, CPU time elapsed 0.093750 sec.
    forward max bucket size 117 , backward 57.
        Unrouted nets 25 at the end of iteration 29.
    route iteration 29, CPU time elapsed 0.078125 sec.
    forward max bucket size 117 , backward 31.
        Unrouted nets 16 at the end of iteration 30.
    route iteration 30, CPU time elapsed 0.078125 sec.
    forward max bucket size 23 , backward 15.
        Unrouted nets 16 at the end of iteration 31.
    route iteration 31, CPU time elapsed 0.093750 sec.
    forward max bucket size 24 , backward 12.
        Unrouted nets 13 at the end of iteration 32.
    route iteration 32, CPU time elapsed 0.078125 sec.
    forward max bucket size 45 , backward 18.
        Unrouted nets 13 at the end of iteration 33.
    route iteration 33, CPU time elapsed 0.078125 sec.
    forward max bucket size 32 , backward 16.
        Unrouted nets 6 at the end of iteration 34.
    route iteration 34, CPU time elapsed 0.093750 sec.
    forward max bucket size 17 , backward 13.
        Unrouted nets 2 at the end of iteration 35.
    route iteration 35, CPU time elapsed 0.078125 sec.
    forward max bucket size 16 , backward 7.
        Unrouted nets 2 at the end of iteration 36.
    route iteration 36, CPU time elapsed 0.078125 sec.
    forward max bucket size 23 , backward 5.
        Unrouted nets 0 at the end of iteration 37.
    route iteration 37, CPU time elapsed 0.078125 sec.
C: Route-2036: The clock path from u_CORES/u_GTP_SCANCHAIN_PG/scanchain:CAPTUREDR to clkbufg_3/gopclkbufg:CLK is routed by SRB.
C: Route-2036: The clock path from u_CORES/u_GTP_SCANCHAIN_PG/scanchain:TCK1 to clkbufg_5/gopclkbufg:CLK is routed by SRB.
C: Route-2036: The clock path from vin_hs_d2/opit_0_inv:Q to u_Top_Project/u_Left_Down_FIFO_control/count_hs[3]/opit_0_AQ:CLK is routed by SRB.
Detailed routing takes 52.63 sec.
Start fix hold violation.
Build tmp routing results takes 0.27 sec.
Timing analysis takes 2.53 sec.
Hold violation fix iter 0 takes 3.06 sec.
Incremental timing analysis takes 1.97 sec.
Hold violation fix iter 1 takes 1.42 sec.
Incremental timing analysis takes 1.94 sec.
Hold violation fix iter 2 takes 1.41 sec.
Incremental timing analysis takes 1.95 sec.
Hold violation fix iter 3 takes 1.38 sec.
Incremental timing analysis takes 1.92 sec.
Hold violation fix iter 4 takes 1.38 sec.
Incremental timing analysis takes 1.92 sec.
Hold violation fix iter 5 takes 1.38 sec.
Fix hold violation Finished.
Hold Violation Fix in router takes 23.95 sec.

Dispose routing result:
    Collect routing result.
    Delete unused device instances.
    Annotate routing result.
    Change LUT configuration.
    Dispose misc instances.
    Annotate routing result again.
Finish routing takes 3.66 sec.
Used srb routing arc is 190628.
Cleanup routing takes 0.13 sec.
Routing done.
Total routing takes 96.94 sec.
W: Timing-4105: The worst slack of endpoint u_CORES/u_debug_core_0/u0_trig_unit/signal_ff_dly[28]/opit_0_inv/D of clock vin_clk_Inferred is 188ps(fast corner), but required hold violation threshold is 200ps.
C: STA-3017: There are 1 clock cross SRB paths do not meet the required hold violation threshold(200ps).


Device Utilization Summary :
+-------------------------------------------------------------------------------+
| Logic Utilization           | Used     | Available     | Utilization(%)     
+-------------------------------------------------------------------------------+
| Use of ADC                  | 0        | 1             | 0                   
| Use of ANALOG               | 0        | 1             | 0                   
| Use of APM                  | 0        | 240           | 0                   
| Use of BKCL                 | 5        | 6             | 84                  
| Use of CCS                  | 1        | 1             | 100                 
| Use of CLMA                 | 2812     | 11675         | 25                  
|   FF                        | 5416     | 93400         | 6                   
|   LUT                       | 7565     | 46700         | 17                  
|   LUT-FF pairs              | 4777     | 46700         | 11                  
| Use of CLMS                 | 1310     | 4975          | 27                  
|   FF                        | 2209     | 39800         | 6                   
|   LUT                       | 3536     | 19900         | 18                  
|   LUT-FF pairs              | 2009     | 19900         | 11                  
|   Distributed RAM           | 384      | 19900         | 2                   
| Use of DDRPHY_CPD           | 0        | 12            | 0                   
| Use of DDRPHY_IOCLK_DIV     | 0        | 6             | 0                   
| Use of DDR_PHY              | 0        | 24            | 0                   
| Use of DRM                  | 1        | 155           | 1                   
| Use of GPLL                 | 0        | 6             | 0                   
| Use of GSEB                 | 0        | 218           | 0                   
| Use of HARD0                | 242      | 10550         | 3                   
| Use of HCKB                 | 13       | 96            | 14                  
| Use of HCKMUX_TEST          | 0        | 8             | 0                   
| Use of HSSTLP               | 0        | 2             | 0                   
| Use of IO                   | 67       | 300           | 23                  
|   IOBD                      | 32       | 144           | 23                  
|   IOBS                      | 35       | 156           | 23                  
| Use of IOCKB                | 0        | 24            | 0                   
| Use of IOCKMUX_TEST         | 0        | 6             | 0                   
| Use of IOLHR                | 66       | 300           | 22                  
| Use of KEYRAM               | 0        | 1             | 0                   
| Use of MFG_TEST             | 0        | 1             | 0                   
| Use of MRCKB                | 0        | 12            | 0                   
| Use of MRCKMUX_TEST         | 0        | 6             | 0                   
| Use of MRPOSTMUX_TEST       | 0        | 6             | 0                   
| Use of PCIE                 | 0        | 1             | 0                   
| Use of PCKMUX_TEST          | 0        | 12            | 0                   
| Use of PLLMRMUX_TEST        | 0        | 6             | 0                   
| Use of PLLREFMUX_TEST       | 0        | 6             | 0                   
| Use of PPLL                 | 0        | 6             | 0                   
| Use of PREGMUXC_TEST        | 0        | 4             | 0                   
| Use of PREGMUXLR_TEST       | 0        | 6             | 0                   
| Use of RCKB                 | 0        | 24            | 0                   
| Use of RCKMUX_TEST          | 0        | 6             | 0                   
| Use of SCANCHAIN            | 1        | 1             | 100                 
| Use of SCKMUX_TEST          | 0        | 12            | 0                   
| Use of SFB                  | 0        | 2225          | 0                   
| Use of SPAD                 | 0        | 8             | 0                   
| Use of TSERDES              | 0        | 48            | 0                   
| Use of USCM                 | 4        | 32            | 13                  
| Use of USCMMUX_TEST         | 0        | 32            | 0                   
+-------------------------------------------------------------------------------+

Finished routing. (CPU time elapsed 0h:02m:50s)
Design 'hdmi_loop' has been placed and routed successfully.
Saving design to DB.
Action pnr: Real time elapsed is 188.000 sec
Action pnr: CPU time elapsed is 182.469 sec
Current time: Tue Nov  8 23:48:46 2022
Action pnr: Peak memory pool usage is 1,407,811,584 bytes
Finished placement and routing. (CPU time elapsed 0h:02m:51s)
